Removed Pin From Net: NetName=GND Pin=Pmod1-9
Removed Pin From Net: NetName=GND Pin=Pmod1-10
Removed Pin From Net: NetName=VCC1 Pin=Pmod1-11
Removed Pin From Net: NetName=VCC2 Pin=Pmod1-12
Removed Pin From Net: NetName=GND Pin=Pmod2-9
Removed Pin From Net: NetName=GND Pin=Pmod2-10
Removed Pin From Net: NetName=VCC3 Pin=Pmod2-11
Removed Pin From Net: NetName=VCC4 Pin=Pmod2-12
Removed Pin From Net: NetName=GND Pin=Pmod3-9
Removed Pin From Net: NetName=GND Pin=Pmod3-10
Removed Pin From Net: NetName=VCC5 Pin=Pmod3-11
Removed Pin From Net: NetName=VCC6 Pin=Pmod3-12
Removed Pin From Net: NetName=GND Pin=Pmod4-9
Removed Pin From Net: NetName=GND Pin=Pmod4-10
Removed Pin From Net: NetName=VCC7 Pin=Pmod4-11
Removed Pin From Net: NetName=VCC8 Pin=Pmod4-12
Removed Pin From Net: NetName=GND Pin=Pmod5-9
Removed Pin From Net: NetName=GND Pin=Pmod5-10
Removed Pin From Net: NetName=VCC9 Pin=Pmod5-11
Removed Pin From Net: NetName=VCC10 Pin=Pmod5-12
Removed Pin From Net: NetName=NetPmod3_5 Pin=R629-2
Removed Pin From Net: NetName=NetPmod3_6 Pin=R630-1
Removed Pin From Net: NetName=NetPmod3_7 Pin=R631-2
Removed Pin From Net: NetName=NetPmod3_8 Pin=R632-1
Removed Pin From Net: NetName=NetPmod1_5 Pin=SR71-14
Removed Pin From Net: NetName=NetPmod1_7 Pin=SR72-14
Removed Pin From Net: NetName=NetPmod1_6 Pin=SR75-14
Removed Pin From Net: NetName=NetPmod1_8 Pin=SR76-14
Added Pin To Net: NetName=VCC1 Pin=Pmod1-1
Added Pin To Net: NetName=VCC2 Pin=Pmod1-2
Added Pin To Net: NetName=GND Pin=Pmod1-3
Added Pin To Net: NetName=GND Pin=Pmod1-4
Added Pin To Net: NetName=VCC3 Pin=Pmod2-1
Added Pin To Net: NetName=VCC4 Pin=Pmod2-2
Added Pin To Net: NetName=GND Pin=Pmod2-3
Added Pin To Net: NetName=GND Pin=Pmod2-4
Added Pin To Net: NetName=VCC5 Pin=Pmod3-1
Added Pin To Net: NetName=VCC6 Pin=Pmod3-2
Added Pin To Net: NetName=GND Pin=Pmod3-3
Added Pin To Net: NetName=GND Pin=Pmod3-4
Added Pin To Net: NetName=VCC7 Pin=Pmod4-1
Added Pin To Net: NetName=VCC8 Pin=Pmod4-2
Added Pin To Net: NetName=GND Pin=Pmod4-3
Added Pin To Net: NetName=GND Pin=Pmod4-4
Added Pin To Net: NetName=VCC9 Pin=Pmod5-1
Added Pin To Net: NetName=VCC10 Pin=Pmod5-2
Added Pin To Net: NetName=GND Pin=Pmod5-3
Added Pin To Net: NetName=GND Pin=Pmod5-4
Added Pin To Net: NetName=NetPmod3_5 Pin=R625-2
Added Pin To Net: NetName=NetPmod3_6 Pin=R626-1
Added Pin To Net: NetName=NetPmod3_7 Pin=R627-2
Added Pin To Net: NetName=NetPmod3_8 Pin=R628-1
Added Pin To Net: NetName=NetPmod1_5 Pin=SR69-14
Added Pin To Net: NetName=NetPmod1_7 Pin=SR70-14
Added Pin To Net: NetName=NetPmod1_6 Pin=SR73-14
Added Pin To Net: NetName=NetPmod1_8 Pin=SR74-14
Added Pin To Net: NetName=NetPmod1_9 Pin=Pmod1-9
Added Pin To Net: NetName=NetPmod1_9 Pin=SR71-14
Added Net: Name=NetPmod1_9
Added Pin To Net: NetName=NetPmod1_10 Pin=Pmod1-10
Added Pin To Net: NetName=NetPmod1_10 Pin=SR75-14
Added Net: Name=NetPmod1_10
Added Pin To Net: NetName=NetPmod1_11 Pin=Pmod1-11
Added Pin To Net: NetName=NetPmod1_11 Pin=SR72-14
Added Net: Name=NetPmod1_11
Added Pin To Net: NetName=NetPmod1_12 Pin=Pmod1-12
Added Pin To Net: NetName=NetPmod1_12 Pin=SR76-14
Added Net: Name=NetPmod1_12
Added Pin To Net: NetName=NetPmod2_5 Pin=Pmod2-5
Added Pin To Net: NetName=NetPmod2_5 Pin=SR77-14
Added Net: Name=NetPmod2_5
Added Pin To Net: NetName=NetPmod2_6 Pin=Pmod2-6
Added Pin To Net: NetName=NetPmod2_6 Pin=SR78-14
Added Net: Name=NetPmod2_6
Added Pin To Net: NetName=NetPmod3_9 Pin=Pmod3-9
Added Pin To Net: NetName=NetPmod3_9 Pin=R629-2
Added Net: Name=NetPmod3_9
Added Pin To Net: NetName=NetPmod3_10 Pin=Pmod3-10
Added Pin To Net: NetName=NetPmod3_10 Pin=R630-1
Added Net: Name=NetPmod3_10
Added Pin To Net: NetName=NetPmod3_11 Pin=Pmod3-11
Added Pin To Net: NetName=NetPmod3_11 Pin=R631-2
Added Net: Name=NetPmod3_11
Added Pin To Net: NetName=NetPmod3_12 Pin=Pmod3-12
Added Pin To Net: NetName=NetPmod3_12 Pin=R632-1
Added Net: Name=NetPmod3_12
