Removed Pin From Net: NetName=NetHeader17_15 Pin=R142-2
Removed Pin From Net: NetName=NetHeader17_16 Pin=R143-2
Removed Pin From Net: NetName=NetHeader17_17 Pin=R144-2
Removed Pin From Net: NetName=NetHeader17_18 Pin=R145-2
Removed Pin From Net: NetName=NetHeader17_19 Pin=R146-2
Removed Pin From Net: NetName=NetHeader17_20 Pin=R147-2
Removed Pin From Net: NetName=NetHeader17_21 Pin=R148-2
Removed Pin From Net: NetName=NetHeader17_22 Pin=R149-2
Removed Pin From Net: NetName=NetHeader17_23 Pin=R150-2
Removed Pin From Net: NetName=NetHeader17_24 Pin=R151-2
Removed Pin From Net: NetName=NetHeader17_25 Pin=R152-2
Removed Pin From Net: NetName=NetHeader17_26 Pin=R153-2
Removed Pin From Net: NetName=NetHeader17_27 Pin=R154-2
Removed Pin From Net: NetName=NetHeader17_2 Pin=R157-1
Removed Pin From Net: NetName=NetHeader17_3 Pin=R158-1
Removed Pin From Net: NetName=NetHeader17_4 Pin=R159-1
Removed Pin From Net: NetName=NetHeader17_6 Pin=R160-1
Removed Pin From Net: NetName=NetHeader17_7 Pin=R161-1
Removed Pin From Net: NetName=NetHeader17_8 Pin=R162-1
Removed Pin From Net: NetName=NetHeader17_10 Pin=R164-1
Removed Pin From Net: NetName=NetHeader17_11 Pin=R165-1
Removed Pin From Net: NetName=NetHeader17_12 Pin=R166-1
Removed Pin From Net: NetName=NetHeader17_13 Pin=R167-1
Removed Pin From Net: NetName=NetHeader17_14 Pin=R168-1
Removed Pin From Net: NetName=NetHeader38_15 Pin=R170-2
Removed Pin From Net: NetName=NetHeader38_16 Pin=R171-2
Removed Pin From Net: NetName=NetHeader38_17 Pin=R172-2
Removed Pin From Net: NetName=NetHeader38_18 Pin=R173-2
Removed Pin From Net: NetName=NetHeader38_19 Pin=R174-2
Removed Pin From Net: NetName=NetHeader38_20 Pin=R175-2
Removed Pin From Net: NetName=NetHeader38_21 Pin=R176-2
Removed Pin From Net: NetName=NetHeader38_22 Pin=R177-2
Removed Pin From Net: NetName=NetHeader38_23 Pin=R178-2
Removed Pin From Net: NetName=NetHeader38_24 Pin=R179-2
Removed Pin From Net: NetName=NetHeader38_25 Pin=R180-2
Removed Pin From Net: NetName=NetHeader38_26 Pin=R181-2
Removed Pin From Net: NetName=NetHeader38_27 Pin=R182-2
Removed Pin From Net: NetName=NetHeader38_2 Pin=R185-1
Removed Pin From Net: NetName=NetHeader38_3 Pin=R186-1
Removed Pin From Net: NetName=NetHeader38_4 Pin=R187-1
Removed Pin From Net: NetName=NetHeader38_6 Pin=R188-1
Removed Pin From Net: NetName=NetHeader38_7 Pin=R189-1
Removed Pin From Net: NetName=NetHeader38_8 Pin=R190-1
Removed Pin From Net: NetName=NetHeader38_10 Pin=R192-1
Removed Pin From Net: NetName=NetHeader38_11 Pin=R193-1
Removed Pin From Net: NetName=NetHeader38_12 Pin=R194-1
Removed Pin From Net: NetName=NetHeader38_13 Pin=R195-1
Removed Pin From Net: NetName=NetHeader38_14 Pin=R196-1
Removed Pin From Net: NetName=SR69G Pin=R197-1
Removed Pin From Net: NetName=NetHeader30_16 Pin=R197-2
Removed Pin From Net: NetName=SR69H Pin=R198-1
Removed Pin From Net: NetName=NetHeader30_17 Pin=R198-2
Removed Pin From Net: NetName=SR71E Pin=R199-1
Removed Pin From Net: NetName=NetHeader30_18 Pin=R199-2
Removed Pin From Net: NetName=SR71F Pin=R200-1
Removed Pin From Net: NetName=NetHeader30_19 Pin=R200-2
Removed Pin From Net: NetName=SR71G Pin=R201-1
Removed Pin From Net: NetName=NetHeader30_20 Pin=R201-2
Removed Pin From Net: NetName=SR71H Pin=R202-1
Removed Pin From Net: NetName=NetHeader30_21 Pin=R202-2
Removed Pin From Net: NetName=SR71A Pin=R203-1
Removed Pin From Net: NetName=NetHeader30_22 Pin=R203-2
Removed Pin From Net: NetName=SR72B Pin=R204-1
Removed Pin From Net: NetName=NetHeader30_23 Pin=R204-2
Removed Pin From Net: NetName=SR72C Pin=R205-1
Removed Pin From Net: NetName=NetHeader30_24 Pin=R205-2
Removed Pin From Net: NetName=SR72D Pin=R206-1
Removed Pin From Net: NetName=NetHeader30_25 Pin=R206-2
Removed Pin From Net: NetName=SR72E Pin=R207-1
Removed Pin From Net: NetName=NetHeader30_26 Pin=R207-2
Removed Pin From Net: NetName=SR72F Pin=R208-1
Removed Pin From Net: NetName=NetHeader30_27 Pin=R208-2
Removed Pin From Net: NetName=SR72G Pin=R209-1
Removed Pin From Net: NetName=NetHeader30_28 Pin=R209-2
Removed Pin From Net: NetName=SR72H Pin=R210-1
Removed Pin From Net: NetName=NetHeader30_29 Pin=R210-2
Removed Pin From Net: NetName=SR72A Pin=R211-1
Removed Pin From Net: NetName=NetHeader30_30 Pin=R211-2
Removed Pin From Net: NetName=SR67C Pin=R251-1
Removed Pin From Net: NetName=NetHeader31_16 Pin=R251-2
Removed Pin From Net: NetName=SR67D Pin=R252-1
Removed Pin From Net: NetName=NetHeader31_17 Pin=R252-2
Removed Pin From Net: NetName=SR67E Pin=R253-1
Removed Pin From Net: NetName=NetHeader31_18 Pin=R253-2
Removed Pin From Net: NetName=SR67F Pin=R254-1
Removed Pin From Net: NetName=NetHeader31_19 Pin=R254-2
Removed Pin From Net: NetName=SR67G Pin=R255-1
Removed Pin From Net: NetName=NetHeader31_20 Pin=R255-2
Removed Pin From Net: NetName=SR67H Pin=R256-1
Removed Pin From Net: NetName=NetHeader31_21 Pin=R256-2
Removed Pin From Net: NetName=SR67A Pin=R257-1
Removed Pin From Net: NetName=NetHeader31_22 Pin=R257-2
Removed Pin From Net: NetName=SR68B Pin=R258-1
Removed Pin From Net: NetName=NetHeader31_23 Pin=R258-2
Removed Pin From Net: NetName=SR68C Pin=R259-1
Removed Pin From Net: NetName=NetHeader31_24 Pin=R259-2
Removed Pin From Net: NetName=SR68D Pin=R260-1
Removed Pin From Net: NetName=NetHeader31_25 Pin=R260-2
Removed Pin From Net: NetName=SR68E Pin=R261-1
Removed Pin From Net: NetName=NetHeader31_26 Pin=R261-2
Removed Pin From Net: NetName=SR68F Pin=R262-1
Removed Pin From Net: NetName=NetHeader31_27 Pin=R262-2
Removed Pin From Net: NetName=SR68G Pin=R263-1
Removed Pin From Net: NetName=NetHeader31_28 Pin=R263-2
Removed Pin From Net: NetName=SR68H Pin=R264-1
Removed Pin From Net: NetName=NetHeader31_29 Pin=R264-2
Removed Pin From Net: NetName=SR68A Pin=R265-1
Removed Pin From Net: NetName=NetHeader31_30 Pin=R265-2
Removed Pin From Net: NetName=NetHeader32_16 Pin=R296-1
Removed Pin From Net: NetName=SR52D Pin=R296-2
Removed Pin From Net: NetName=NetHeader32_17 Pin=R297-1
Removed Pin From Net: NetName=SR52E Pin=R297-2
Removed Pin From Net: NetName=NetHeader32_18 Pin=R298-1
Removed Pin From Net: NetName=SR52F Pin=R298-2
Removed Pin From Net: NetName=NetHeader32_19 Pin=R299-1
Removed Pin From Net: NetName=SR52G Pin=R299-2
Removed Pin From Net: NetName=NetHeader32_20 Pin=R300-1
Removed Pin From Net: NetName=SR52H Pin=R300-2
Removed Pin From Net: NetName=NetHeader32_21 Pin=R301-1
Removed Pin From Net: NetName=SR52A Pin=R301-2
Removed Pin From Net: NetName=NetHeader32_22 Pin=R302-1
Removed Pin From Net: NetName=SR54A Pin=R302-2
Removed Pin From Net: NetName=NetHeader32_23 Pin=R303-1
Removed Pin From Net: NetName=SR51B Pin=R303-2
Removed Pin From Net: NetName=NetHeader32_24 Pin=R304-1
Removed Pin From Net: NetName=SR51C Pin=R304-2
Removed Pin From Net: NetName=NetHeader32_25 Pin=R305-1
Removed Pin From Net: NetName=SR51D Pin=R305-2
Removed Pin From Net: NetName=NetHeader32_26 Pin=R306-1
Removed Pin From Net: NetName=SR51E Pin=R306-2
Removed Pin From Net: NetName=NetHeader32_27 Pin=R307-1
Removed Pin From Net: NetName=SR51F Pin=R307-2
Removed Pin From Net: NetName=NetHeader32_28 Pin=R308-1
Removed Pin From Net: NetName=SR51G Pin=R308-2
Removed Pin From Net: NetName=NetHeader32_29 Pin=R309-1
Removed Pin From Net: NetName=SR51H Pin=R309-2
Removed Pin From Net: NetName=NetHeader32_30 Pin=R310-1
Removed Pin From Net: NetName=SR51A Pin=R310-2
Removed Pin From Net: NetName=NetHeader33_16 Pin=R311-1
Removed Pin From Net: NetName=SR48E Pin=R311-2
Removed Pin From Net: NetName=NetHeader33_17 Pin=R312-1
Removed Pin From Net: NetName=SR48F Pin=R312-2
Removed Pin From Net: NetName=NetHeader33_18 Pin=R313-1
Removed Pin From Net: NetName=SR48G Pin=R313-2
Removed Pin From Net: NetName=NetHeader33_19 Pin=R314-1
Removed Pin From Net: NetName=SR48H Pin=R314-2
Removed Pin From Net: NetName=NetHeader33_20 Pin=R315-1
Removed Pin From Net: NetName=SR50G Pin=R315-2
Removed Pin From Net: NetName=NetHeader33_21 Pin=R316-1
Removed Pin From Net: NetName=SR50H Pin=R316-2
Removed Pin From Net: NetName=NetHeader33_22 Pin=R317-1
Removed Pin From Net: NetName=SR50A Pin=R317-2
Removed Pin From Net: NetName=NetHeader33_23 Pin=R318-1
Removed Pin From Net: NetName=SR47B Pin=R318-2
Removed Pin From Net: NetName=NetHeader33_24 Pin=R319-1
Removed Pin From Net: NetName=SR47C Pin=R319-2
Removed Pin From Net: NetName=NetHeader33_25 Pin=R320-1
Removed Pin From Net: NetName=SR47D Pin=R320-2
Removed Pin From Net: NetName=NetHeader33_26 Pin=R321-1
Removed Pin From Net: NetName=SR47E Pin=R321-2
Removed Pin From Net: NetName=NetHeader33_27 Pin=R322-1
Removed Pin From Net: NetName=SR47F Pin=R322-2
Removed Pin From Net: NetName=NetHeader33_28 Pin=R323-1
Removed Pin From Net: NetName=SR47G Pin=R323-2
Removed Pin From Net: NetName=NetHeader33_29 Pin=R324-1
Removed Pin From Net: NetName=SR47H Pin=R324-2
Removed Pin From Net: NetName=NetHeader33_30 Pin=R325-1
Removed Pin From Net: NetName=SR47A Pin=R325-2
Removed Pin From Net: NetName=NetHeader39_15 Pin=R341-1
Removed Pin From Net: NetName=NetHeader39_16 Pin=R342-1
Removed Pin From Net: NetName=NetHeader39_18 Pin=R343-1
Removed Pin From Net: NetName=NetHeader39_17 Pin=R344-1
Removed Pin From Net: NetName=NetHeader39_19 Pin=R345-1
Removed Pin From Net: NetName=NetHeader39_20 Pin=R346-1
Removed Pin From Net: NetName=NetHeader39_21 Pin=R347-1
Removed Pin From Net: NetName=NetHeader39_22 Pin=R348-1
Removed Pin From Net: NetName=NetHeader39_23 Pin=R349-1
Removed Pin From Net: NetName=NetHeader39_24 Pin=R350-1
Removed Pin From Net: NetName=NetHeader39_25 Pin=R351-1
Removed Pin From Net: NetName=NetHeader39_26 Pin=R352-1
Removed Pin From Net: NetName=NetHeader39_27 Pin=R353-1
Removed Pin From Net: NetName=NetHeader39_2 Pin=R356-2
Removed Pin From Net: NetName=NetHeader39_3 Pin=R357-2
Removed Pin From Net: NetName=NetHeader39_4 Pin=R358-2
Removed Pin From Net: NetName=NetHeader39_6 Pin=R359-2
Removed Pin From Net: NetName=NetHeader39_7 Pin=R360-2
Removed Pin From Net: NetName=NetHeader39_8 Pin=R361-2
Removed Pin From Net: NetName=NetHeader39_10 Pin=R363-2
Removed Pin From Net: NetName=NetHeader39_11 Pin=R364-2
Removed Pin From Net: NetName=NetHeader39_12 Pin=R365-2
Removed Pin From Net: NetName=NetHeader39_13 Pin=R366-2
Removed Pin From Net: NetName=NetHeader39_14 Pin=R367-2
Removed Pin From Net: NetName=NetHeader40_15 Pin=R368-1
Removed Pin From Net: NetName=NetHeader40_16 Pin=R369-1
Removed Pin From Net: NetName=NetHeader40_17 Pin=R370-1
Removed Pin From Net: NetName=NetHeader40_18 Pin=R371-1
Removed Pin From Net: NetName=NetHeader40_19 Pin=R372-1
Removed Pin From Net: NetName=NetHeader40_20 Pin=R373-1
Removed Pin From Net: NetName=NetHeader40_21 Pin=R374-1
Removed Pin From Net: NetName=NetHeader40_22 Pin=R375-1
Removed Pin From Net: NetName=NetHeader40_23 Pin=R376-1
Removed Pin From Net: NetName=NetHeader40_24 Pin=R377-1
Removed Pin From Net: NetName=NetHeader40_25 Pin=R378-1
Removed Pin From Net: NetName=NetHeader40_26 Pin=R379-1
Removed Pin From Net: NetName=NetHeader40_27 Pin=R380-1
Removed Pin From Net: NetName=NetHeader40_2 Pin=R407-2
Removed Pin From Net: NetName=NetHeader40_3 Pin=R408-2
Removed Pin From Net: NetName=NetHeader40_4 Pin=R409-2
Removed Pin From Net: NetName=NetHeader40_6 Pin=R410-2
Removed Pin From Net: NetName=NetHeader40_8 Pin=R411-2
Removed Pin From Net: NetName=NetHeader40_7 Pin=R412-2
Removed Pin From Net: NetName=NetHeader40_10 Pin=R414-2
Removed Pin From Net: NetName=NetHeader40_14 Pin=R415-2
Removed Pin From Net: NetName=NetHeader40_13 Pin=R416-2
Removed Pin From Net: NetName=NetHeader40_12 Pin=R417-2
Removed Pin From Net: NetName=NetHeader40_11 Pin=R418-2
Removed Pin From Net: NetName=SR81A Pin=R669-1
Removed Pin From Net: NetName=NetHeader43_16 Pin=R669-2
Removed Pin From Net: NetName=SR81H Pin=R670-1
Removed Pin From Net: NetName=NetHeader43_17 Pin=R670-2
Removed Pin From Net: NetName=SR81G Pin=R671-1
Removed Pin From Net: NetName=NetHeader43_18 Pin=R671-2
Removed Pin From Net: NetName=SR81F Pin=R672-1
Removed Pin From Net: NetName=NetHeader43_19 Pin=R672-2
Removed Pin From Net: NetName=SR81E Pin=R673-1
Removed Pin From Net: NetName=NetHeader43_20 Pin=R673-2
Removed Pin From Net: NetName=SR81D Pin=R674-1
Removed Pin From Net: NetName=NetHeader43_21 Pin=R674-2
Removed Pin From Net: NetName=SR81C Pin=R675-1
Removed Pin From Net: NetName=NetHeader43_22 Pin=R675-2
Removed Pin From Net: NetName=SR81B Pin=R676-1
Removed Pin From Net: NetName=NetHeader43_23 Pin=R676-2
Removed Pin From Net: NetName=SR84A Pin=R677-1
Removed Pin From Net: NetName=NetHeader43_24 Pin=R677-2
Removed Pin From Net: NetName=SR84H Pin=R678-1
Removed Pin From Net: NetName=NetHeader43_25 Pin=R678-2
Removed Pin From Net: NetName=SR84G Pin=R679-1
Removed Pin From Net: NetName=NetHeader43_26 Pin=R679-2
Removed Pin From Net: NetName=SR84F Pin=R680-1
Removed Pin From Net: NetName=NetHeader43_27 Pin=R680-2
Removed Pin From Net: NetName=SR84E Pin=R681-1
Removed Pin From Net: NetName=NetHeader43_28 Pin=R681-2
Removed Pin From Net: NetName=SR80B Pin=R682-1
Removed Pin From Net: NetName=NetHeader43_29 Pin=R682-2
Removed Pin From Net: NetName=SR79A Pin=R683-1
Removed Pin From Net: NetName=NetHeader43_30 Pin=R683-2
Removed Pin From Net: NetName=NetHeader11_15 Pin=R684-2
Removed Pin From Net: NetName=NetHeader11_16 Pin=R685-2
Removed Pin From Net: NetName=NetHeader11_17 Pin=R686-2
Removed Pin From Net: NetName=NetHeader11_18 Pin=R687-2
Removed Pin From Net: NetName=NetHeader11_20 Pin=R689-2
Removed Pin From Net: NetName=NetHeader11_21 Pin=R690-2
Removed Pin From Net: NetName=NetHeader11_22 Pin=R691-2
Removed Pin From Net: NetName=NetHeader11_23 Pin=R692-2
Removed Pin From Net: NetName=NetHeader11_24 Pin=R693-2
Removed Pin From Net: NetName=NetHeader11_25 Pin=R694-2
Removed Pin From Net: NetName=NetHeader11_26 Pin=R695-2
Removed Pin From Net: NetName=NetHeader11_27 Pin=R696-2
Removed Pin From Net: NetName=NetHeader11_2 Pin=R699-2
Removed Pin From Net: NetName=NetHeader11_3 Pin=R700-2
Removed Pin From Net: NetName=NetHeader11_4 Pin=R701-2
Removed Pin From Net: NetName=NetHeader11_5 Pin=R702-2
Removed Pin From Net: NetName=NetHeader11_6 Pin=R703-2
Removed Pin From Net: NetName=NetHeader11_7 Pin=R704-2
Removed Pin From Net: NetName=NetHeader11_8 Pin=R705-2
Removed Pin From Net: NetName=NetHeader11_9 Pin=R706-2
Removed Pin From Net: NetName=NetHeader11_11 Pin=R707-2
Removed Pin From Net: NetName=NetHeader11_12 Pin=R708-2
Removed Pin From Net: NetName=NetHeader11_13 Pin=R709-2
Removed Pin From Net: NetName=NetHeader11_14 Pin=R710-2
Removed Pin From Net: NetName=NetHeader12_15 Pin=R711-2
Removed Pin From Net: NetName=NetHeader12_16 Pin=R712-2
Removed Pin From Net: NetName=NetHeader12_17 Pin=R713-2
Removed Pin From Net: NetName=NetHeader12_18 Pin=R714-2
Removed Pin From Net: NetName=NetHeader12_20 Pin=R716-2
Removed Pin From Net: NetName=NetHeader12_21 Pin=R717-2
Removed Pin From Net: NetName=NetHeader12_22 Pin=R718-2
Removed Pin From Net: NetName=NetHeader12_23 Pin=R719-2
Removed Pin From Net: NetName=NetHeader12_24 Pin=R720-2
Removed Pin From Net: NetName=NetHeader12_25 Pin=R721-2
Removed Pin From Net: NetName=NetHeader12_26 Pin=R722-2
Removed Pin From Net: NetName=NetHeader12_27 Pin=R723-2
Removed Pin From Net: NetName=NetHeader12_14 Pin=R726-2
Removed Pin From Net: NetName=NetHeader12_13 Pin=R727-2
Removed Pin From Net: NetName=NetHeader12_12 Pin=R728-2
Removed Pin From Net: NetName=NetHeader12_11 Pin=R729-2
Removed Pin From Net: NetName=NetHeader12_9 Pin=R730-2
Removed Pin From Net: NetName=NetHeader12_2 Pin=R732-2
Removed Pin From Net: NetName=NetHeader12_3 Pin=R733-2
Removed Pin From Net: NetName=NetHeader12_4 Pin=R734-2
Removed Pin From Net: NetName=NetHeader12_5 Pin=R735-2
Removed Pin From Net: NetName=NetHeader12_6 Pin=R736-2
Removed Pin From Net: NetName=NetHeader12_7 Pin=R737-2
Removed Pin From Net: NetName=NetHeader12_8 Pin=R738-2
Removed Pin From Net: NetName=NetHeader41_27 Pin=R740-2
Removed Pin From Net: NetName=NetHeader41_15 Pin=R742-2
Removed Pin From Net: NetName=NetHeader41_16 Pin=R743-2
Removed Pin From Net: NetName=NetHeader41_17 Pin=R744-2
Removed Pin From Net: NetName=NetHeader41_18 Pin=R745-2
Removed Pin From Net: NetName=NetHeader41_20 Pin=R747-2
Removed Pin From Net: NetName=NetHeader41_21 Pin=R748-2
Removed Pin From Net: NetName=NetHeader41_22 Pin=R749-2
Removed Pin From Net: NetName=NetHeader41_23 Pin=R750-2
Removed Pin From Net: NetName=NetHeader41_24 Pin=R751-2
Removed Pin From Net: NetName=NetHeader41_25 Pin=R752-2
Removed Pin From Net: NetName=NetHeader41_26 Pin=R753-2
Removed Pin From Net: NetName=NetHeader41_14 Pin=R754-2
Removed Pin From Net: NetName=NetHeader41_13 Pin=R755-2
Removed Pin From Net: NetName=NetHeader41_12 Pin=R756-2
Removed Pin From Net: NetName=NetHeader41_11 Pin=R757-2
Removed Pin From Net: NetName=NetHeader41_9 Pin=R758-2
Removed Pin From Net: NetName=NetHeader41_8 Pin=R759-2
Removed Pin From Net: NetName=NetHeader41_7 Pin=R760-2
Removed Pin From Net: NetName=NetHeader41_2 Pin=R762-2
Removed Pin From Net: NetName=NetHeader41_3 Pin=R763-2
Removed Pin From Net: NetName=NetHeader41_4 Pin=R764-2
Removed Pin From Net: NetName=NetHeader41_5 Pin=R765-2
Removed Pin From Net: NetName=NetHeader41_6 Pin=R766-2
Removed Pin From Net: NetName=SR60A Pin=R783-1
Removed Pin From Net: NetName=NetHeader44_30 Pin=R783-2
Removed Pin From Net: NetName=SR57B Pin=R784-1
Removed Pin From Net: NetName=NetHeader44_29 Pin=R784-2
Removed Pin From Net: NetName=SR57C Pin=R785-1
Removed Pin From Net: NetName=NetHeader44_28 Pin=R785-2
Removed Pin From Net: NetName=SR57D Pin=R786-1
Removed Pin From Net: NetName=NetHeader44_27 Pin=R786-2
Removed Pin From Net: NetName=SR61A Pin=R787-1
Removed Pin From Net: NetName=NetHeader44_26 Pin=R787-2
Removed Pin From Net: NetName=SR61G Pin=R788-1
Removed Pin From Net: NetName=NetHeader44_25 Pin=R788-2
Removed Pin From Net: NetName=SR61H Pin=R789-1
Removed Pin From Net: NetName=NetHeader44_24 Pin=R789-2
Removed Pin From Net: NetName=SR62B Pin=R790-1
Removed Pin From Net: NetName=NetHeader44_23 Pin=R790-2
Removed Pin From Net: NetName=SR62C Pin=R791-1
Removed Pin From Net: NetName=NetHeader44_22 Pin=R791-2
Removed Pin From Net: NetName=SR62D Pin=R792-1
Removed Pin From Net: NetName=NetHeader44_21 Pin=R792-2
Removed Pin From Net: NetName=SR62E Pin=R793-1
Removed Pin From Net: NetName=NetHeader44_20 Pin=R793-2
Removed Pin From Net: NetName=SR62F Pin=R794-1
Removed Pin From Net: NetName=NetHeader44_19 Pin=R794-2
Removed Pin From Net: NetName=SR62G Pin=R795-1
Removed Pin From Net: NetName=NetHeader44_18 Pin=R795-2
Removed Pin From Net: NetName=SR62H Pin=R796-1
Removed Pin From Net: NetName=NetHeader44_17 Pin=R796-2
Removed Pin From Net: NetName=SR62A Pin=R797-1
Removed Pin From Net: NetName=NetHeader44_16 Pin=R797-2
Removed Pin From Net: NetName=NetHeader42_15 Pin=R927-2
Removed Pin From Net: NetName=NetHeader42_16 Pin=R928-2
Removed Pin From Net: NetName=NetHeader42_17 Pin=R929-2
Removed Pin From Net: NetName=NetHeader42_18 Pin=R930-2
Removed Pin From Net: NetName=NetHeader42_20 Pin=R932-2
Removed Pin From Net: NetName=NetHeader42_21 Pin=R933-2
Removed Pin From Net: NetName=NetHeader42_22 Pin=R934-2
Removed Pin From Net: NetName=NetHeader42_23 Pin=R935-2
Removed Pin From Net: NetName=NetHeader42_24 Pin=R936-2
Removed Pin From Net: NetName=NetHeader42_25 Pin=R937-2
Removed Pin From Net: NetName=NetHeader42_26 Pin=R938-2
Removed Pin From Net: NetName=NetHeader42_27 Pin=R939-2
Removed Pin From Net: NetName=NetHeader42_2 Pin=R942-2
Removed Pin From Net: NetName=NetHeader42_3 Pin=R943-2
Removed Pin From Net: NetName=NetHeader42_4 Pin=R944-2
Removed Pin From Net: NetName=NetHeader42_5 Pin=R945-2
Removed Pin From Net: NetName=NetHeader42_6 Pin=R946-2
Removed Pin From Net: NetName=NetHeader42_7 Pin=R947-2
Removed Pin From Net: NetName=NetHeader42_8 Pin=R948-2
Removed Pin From Net: NetName=NetHeader42_9 Pin=R949-2
Removed Pin From Net: NetName=NetHeader42_11 Pin=R950-2
Removed Pin From Net: NetName=NetHeader42_12 Pin=R951-2
Removed Pin From Net: NetName=NetHeader42_13 Pin=R952-2
Removed Pin From Net: NetName=NetHeader42_14 Pin=R953-2
Add Component: Footprint Not Found CONN_6-146130-4_TYCO
Add Component: Footprint Not Found TE_6-146134-3
Add Component: Footprint Not Found TE_6-146134-3
Add Component: Footprint Not Found TE_6-146134-3
Add Component: Footprint Not Found CONN_6-146130-4_TYCO
Add Component: Footprint Not Found CONN_6-146130-4_TYCO
Add Component: Footprint Not Found CONN_6-146130-4_TYCO
Add Component: Footprint Not Found CONN_6-146130-4_TYCO
Add Component: Footprint Not Found CONN_6-146130-4_TYCO
Add Component: Footprint Not Found TE_6-146134-3
Add Component: Footprint Not Found TE_6-146134-3
Add Component: Footprint Not Found TE_6-146134-3
Add Component: Footprint Not Found TE_6-146134-3
Add Component: Footprint Not Found TE_6-146134-3
Add Component: Footprint Not Found CONN_6-146130-4_TYCO
Add Component: Footprint Not Found CONN_6-146130-4_TYCO
Add Pin To Net: Unknown Pin: Pin Header1-1
Add Pin To Net: Unknown Pin: Pin Header1-2
Add Pin To Net: Unknown Pin: Pin Header1-3
Add Pin To Net: Unknown Pin: Pin Header1-4
Add Pin To Net: Unknown Pin: Pin Header1-5
Add Pin To Net: Unknown Pin: Pin Header1-6
Add Pin To Net: Unknown Pin: Pin Header1-7
Add Pin To Net: Unknown Pin: Pin Header1-8
Add Pin To Net: Unknown Pin: Pin Header1-9
Add Pin To Net: Unknown Pin: Pin Header1-10
Add Pin To Net: Unknown Pin: Pin Header1-11
Add Pin To Net: Unknown Pin: Pin Header1-12
Add Pin To Net: Unknown Pin: Pin Header1-13
Add Pin To Net: Unknown Pin: Pin Header1-14
Add Pin To Net: Unknown Pin: Pin Header1-15
Add Pin To Net: Unknown Pin: Pin Header1-16
Add Pin To Net: Unknown Pin: Pin Header1-17
Add Pin To Net: Unknown Pin: Pin Header1-18
Add Pin To Net: Unknown Pin: Pin Header1-19
Add Pin To Net: Unknown Pin: Pin Header1-20
Add Pin To Net: Unknown Pin: Pin Header1-21
Add Pin To Net: Unknown Pin: Pin Header1-22
Add Pin To Net: Unknown Pin: Pin Header1-23
Add Pin To Net: Unknown Pin: Pin Header1-24
Add Pin To Net: Unknown Pin: Pin Header1-25
Add Pin To Net: Unknown Pin: Pin Header1-26
Add Pin To Net: Unknown Pin: Pin Header1-27
Add Pin To Net: Unknown Pin: Pin Header1-28
Add Pin To Net: Unknown Pin: Pin Header1-29
Add Pin To Net: Unknown Pin: Pin Header1-30
Add Pin To Net: Unknown Pin: Pin Header11-1
Add Pin To Net: Unknown Pin: Pin Header11-2
Add Pin To Net: Unknown Pin: Pin Header11-3
Add Pin To Net: Unknown Pin: Pin Header11-4
Add Pin To Net: Unknown Pin: Pin Header11-5
Add Pin To Net: Unknown Pin: Pin Header11-6
Add Pin To Net: Unknown Pin: Pin Header11-7
Add Pin To Net: Unknown Pin: Pin Header11-8
Add Pin To Net: Unknown Pin: Pin Header11-9
Add Pin To Net: Unknown Pin: Pin Header11-11
Add Pin To Net: Unknown Pin: Pin Header11-12
Add Pin To Net: Unknown Pin: Pin Header11-13
Add Pin To Net: Unknown Pin: Pin Header11-14
Add Pin To Net: Unknown Pin: Pin Header11-15
Add Pin To Net: Unknown Pin: Pin Header11-16
Add Pin To Net: Unknown Pin: Pin Header11-17
Add Pin To Net: Unknown Pin: Pin Header11-18
Add Pin To Net: Unknown Pin: Pin Header11-20
Add Pin To Net: Unknown Pin: Pin Header11-21
Add Pin To Net: Unknown Pin: Pin Header11-22
Add Pin To Net: Unknown Pin: Pin Header11-23
Add Pin To Net: Unknown Pin: Pin Header11-24
Add Pin To Net: Unknown Pin: Pin Header11-25
Add Pin To Net: Unknown Pin: Pin Header11-26
Add Pin To Net: Unknown Pin: Pin Header11-27
Add Pin To Net: Unknown Pin: Pin Header11-28
Add Pin To Net: Unknown Pin: Pin Header12-1
Add Pin To Net: Unknown Pin: Pin Header12-2
Add Pin To Net: Unknown Pin: Pin Header12-3
Add Pin To Net: Unknown Pin: Pin Header12-4
Add Pin To Net: Unknown Pin: Pin Header12-5
Add Pin To Net: Unknown Pin: Pin Header12-6
Add Pin To Net: Unknown Pin: Pin Header12-7
Add Pin To Net: Unknown Pin: Pin Header12-8
Add Pin To Net: Unknown Pin: Pin Header12-9
Add Pin To Net: Unknown Pin: Pin Header12-11
Add Pin To Net: Unknown Pin: Pin Header12-12
Add Pin To Net: Unknown Pin: Pin Header12-13
Add Pin To Net: Unknown Pin: Pin Header12-14
Add Pin To Net: Unknown Pin: Pin Header12-15
Add Pin To Net: Unknown Pin: Pin Header12-16
Add Pin To Net: Unknown Pin: Pin Header12-17
Add Pin To Net: Unknown Pin: Pin Header12-18
Add Pin To Net: Unknown Pin: Pin Header12-20
Add Pin To Net: Unknown Pin: Pin Header12-21
Add Pin To Net: Unknown Pin: Pin Header12-22
Add Pin To Net: Unknown Pin: Pin Header12-23
Add Pin To Net: Unknown Pin: Pin Header12-24
Add Pin To Net: Unknown Pin: Pin Header12-25
Add Pin To Net: Unknown Pin: Pin Header12-26
Add Pin To Net: Unknown Pin: Pin Header12-27
Add Pin To Net: Unknown Pin: Pin Header12-28
Add Pin To Net: Unknown Pin: Pin Header17-1
Add Pin To Net: Unknown Pin: Pin Header17-2
Add Pin To Net: Unknown Pin: Pin Header17-3
Add Pin To Net: Unknown Pin: Pin Header17-4
Add Pin To Net: Unknown Pin: Pin Header17-6
Add Pin To Net: Unknown Pin: Pin Header17-7
Add Pin To Net: Unknown Pin: Pin Header17-8
Add Pin To Net: Unknown Pin: Pin Header17-10
Add Pin To Net: Unknown Pin: Pin Header17-11
Add Pin To Net: Unknown Pin: Pin Header17-12
Add Pin To Net: Unknown Pin: Pin Header17-13
Add Pin To Net: Unknown Pin: Pin Header17-14
Add Pin To Net: Unknown Pin: Pin Header17-15
Add Pin To Net: Unknown Pin: Pin Header17-16
Add Pin To Net: Unknown Pin: Pin Header17-17
Add Pin To Net: Unknown Pin: Pin Header17-18
Add Pin To Net: Unknown Pin: Pin Header17-19
Add Pin To Net: Unknown Pin: Pin Header17-20
Add Pin To Net: Unknown Pin: Pin Header17-21
Add Pin To Net: Unknown Pin: Pin Header17-22
Add Pin To Net: Unknown Pin: Pin Header17-23
Add Pin To Net: Unknown Pin: Pin Header17-24
Add Pin To Net: Unknown Pin: Pin Header17-25
Add Pin To Net: Unknown Pin: Pin Header17-26
Add Pin To Net: Unknown Pin: Pin Header17-27
Add Pin To Net: Unknown Pin: Pin Header17-28
Add Pin To Net: Unknown Pin: Pin Header23-1
Add Pin To Net: Unknown Pin: Pin Header23-2
Add Pin To Net: Unknown Pin: Pin Header23-3
Add Pin To Net: Unknown Pin: Pin Header23-4
Add Pin To Net: Unknown Pin: Pin Header23-5
Add Pin To Net: Unknown Pin: Pin Header23-6
Add Pin To Net: Unknown Pin: Pin Header23-7
Add Pin To Net: Unknown Pin: Pin Header23-8
Add Pin To Net: Unknown Pin: Pin Header23-9
Add Pin To Net: Unknown Pin: Pin Header23-10
Add Pin To Net: Unknown Pin: Pin Header23-11
Add Pin To Net: Unknown Pin: Pin Header23-12
Add Pin To Net: Unknown Pin: Pin Header23-13
Add Pin To Net: Unknown Pin: Pin Header23-14
Add Pin To Net: Unknown Pin: Pin Header23-15
Add Pin To Net: Unknown Pin: Pin Header23-16
Add Pin To Net: Unknown Pin: Pin Header23-17
Add Pin To Net: Unknown Pin: Pin Header23-18
Add Pin To Net: Unknown Pin: Pin Header23-19
Add Pin To Net: Unknown Pin: Pin Header23-20
Add Pin To Net: Unknown Pin: Pin Header23-21
Add Pin To Net: Unknown Pin: Pin Header23-22
Add Pin To Net: Unknown Pin: Pin Header23-23
Add Pin To Net: Unknown Pin: Pin Header23-24
Add Pin To Net: Unknown Pin: Pin Header23-25
Add Pin To Net: Unknown Pin: Pin Header23-26
Add Pin To Net: Unknown Pin: Pin Header23-27
Add Pin To Net: Unknown Pin: Pin Header23-28
Add Pin To Net: Unknown Pin: Pin Header23-29
Add Pin To Net: Unknown Pin: Pin Header23-30
Add Pin To Net: Unknown Pin: Pin Header30-1
Add Pin To Net: Unknown Pin: Pin Header30-2
Add Pin To Net: Unknown Pin: Pin Header30-3
Add Pin To Net: Unknown Pin: Pin Header30-4
Add Pin To Net: Unknown Pin: Pin Header30-5
Add Pin To Net: Unknown Pin: Pin Header30-6
Add Pin To Net: Unknown Pin: Pin Header30-7
Add Pin To Net: Unknown Pin: Pin Header30-8
Add Pin To Net: Unknown Pin: Pin Header30-9
Add Pin To Net: Unknown Pin: Pin Header30-10
Add Pin To Net: Unknown Pin: Pin Header30-11
Add Pin To Net: Unknown Pin: Pin Header30-12
Add Pin To Net: Unknown Pin: Pin Header30-13
Add Pin To Net: Unknown Pin: Pin Header30-14
Add Pin To Net: Unknown Pin: Pin Header30-15
Add Pin To Net: Unknown Pin: Pin Header30-16
Add Pin To Net: Unknown Pin: Pin Header30-17
Add Pin To Net: Unknown Pin: Pin Header30-18
Add Pin To Net: Unknown Pin: Pin Header30-19
Add Pin To Net: Unknown Pin: Pin Header30-20
Add Pin To Net: Unknown Pin: Pin Header30-21
Add Pin To Net: Unknown Pin: Pin Header30-22
Add Pin To Net: Unknown Pin: Pin Header30-23
Add Pin To Net: Unknown Pin: Pin Header30-24
Add Pin To Net: Unknown Pin: Pin Header30-25
Add Pin To Net: Unknown Pin: Pin Header30-26
Add Pin To Net: Unknown Pin: Pin Header30-27
Add Pin To Net: Unknown Pin: Pin Header30-28
Add Pin To Net: Unknown Pin: Pin Header30-29
Add Pin To Net: Unknown Pin: Pin Header30-30
Add Pin To Net: Unknown Pin: Pin Header31-1
Add Pin To Net: Unknown Pin: Pin Header31-2
Add Pin To Net: Unknown Pin: Pin Header31-3
Add Pin To Net: Unknown Pin: Pin Header31-4
Add Pin To Net: Unknown Pin: Pin Header31-5
Add Pin To Net: Unknown Pin: Pin Header31-6
Add Pin To Net: Unknown Pin: Pin Header31-7
Add Pin To Net: Unknown Pin: Pin Header31-8
Add Pin To Net: Unknown Pin: Pin Header31-9
Add Pin To Net: Unknown Pin: Pin Header31-10
Add Pin To Net: Unknown Pin: Pin Header31-11
Add Pin To Net: Unknown Pin: Pin Header31-12
Add Pin To Net: Unknown Pin: Pin Header31-13
Add Pin To Net: Unknown Pin: Pin Header31-14
Add Pin To Net: Unknown Pin: Pin Header31-15
Add Pin To Net: Unknown Pin: Pin Header31-16
Add Pin To Net: Unknown Pin: Pin Header31-17
Add Pin To Net: Unknown Pin: Pin Header31-18
Add Pin To Net: Unknown Pin: Pin Header31-19
Add Pin To Net: Unknown Pin: Pin Header31-20
Add Pin To Net: Unknown Pin: Pin Header31-21
Add Pin To Net: Unknown Pin: Pin Header31-22
Add Pin To Net: Unknown Pin: Pin Header31-23
Add Pin To Net: Unknown Pin: Pin Header31-24
Add Pin To Net: Unknown Pin: Pin Header31-25
Add Pin To Net: Unknown Pin: Pin Header31-26
Add Pin To Net: Unknown Pin: Pin Header31-27
Add Pin To Net: Unknown Pin: Pin Header31-28
Add Pin To Net: Unknown Pin: Pin Header31-29
Add Pin To Net: Unknown Pin: Pin Header31-30
Add Pin To Net: Unknown Pin: Pin Header32-1
Add Pin To Net: Unknown Pin: Pin Header32-2
Add Pin To Net: Unknown Pin: Pin Header32-3
Add Pin To Net: Unknown Pin: Pin Header32-4
Add Pin To Net: Unknown Pin: Pin Header32-5
Add Pin To Net: Unknown Pin: Pin Header32-6
Add Pin To Net: Unknown Pin: Pin Header32-7
Add Pin To Net: Unknown Pin: Pin Header32-8
Add Pin To Net: Unknown Pin: Pin Header32-9
Add Pin To Net: Unknown Pin: Pin Header32-10
Add Pin To Net: Unknown Pin: Pin Header32-11
Add Pin To Net: Unknown Pin: Pin Header32-12
Add Pin To Net: Unknown Pin: Pin Header32-13
Add Pin To Net: Unknown Pin: Pin Header32-14
Add Pin To Net: Unknown Pin: Pin Header32-15
Add Pin To Net: Unknown Pin: Pin Header32-16
Add Pin To Net: Unknown Pin: Pin Header32-17
Add Pin To Net: Unknown Pin: Pin Header32-18
Add Pin To Net: Unknown Pin: Pin Header32-19
Add Pin To Net: Unknown Pin: Pin Header32-20
Add Pin To Net: Unknown Pin: Pin Header32-21
Add Pin To Net: Unknown Pin: Pin Header32-22
Add Pin To Net: Unknown Pin: Pin Header32-23
Add Pin To Net: Unknown Pin: Pin Header32-24
Add Pin To Net: Unknown Pin: Pin Header32-25
Add Pin To Net: Unknown Pin: Pin Header32-26
Add Pin To Net: Unknown Pin: Pin Header32-27
Add Pin To Net: Unknown Pin: Pin Header32-28
Add Pin To Net: Unknown Pin: Pin Header32-29
Add Pin To Net: Unknown Pin: Pin Header32-30
Add Pin To Net: Unknown Pin: Pin Header33-1
Add Pin To Net: Unknown Pin: Pin Header33-2
Add Pin To Net: Unknown Pin: Pin Header33-3
Add Pin To Net: Unknown Pin: Pin Header33-4
Add Pin To Net: Unknown Pin: Pin Header33-5
Add Pin To Net: Unknown Pin: Pin Header33-6
Add Pin To Net: Unknown Pin: Pin Header33-7
Add Pin To Net: Unknown Pin: Pin Header33-8
Add Pin To Net: Unknown Pin: Pin Header33-9
Add Pin To Net: Unknown Pin: Pin Header33-10
Add Pin To Net: Unknown Pin: Pin Header33-11
Add Pin To Net: Unknown Pin: Pin Header33-12
Add Pin To Net: Unknown Pin: Pin Header33-13
Add Pin To Net: Unknown Pin: Pin Header33-14
Add Pin To Net: Unknown Pin: Pin Header33-15
Add Pin To Net: Unknown Pin: Pin Header33-16
Add Pin To Net: Unknown Pin: Pin Header33-17
Add Pin To Net: Unknown Pin: Pin Header33-18
Add Pin To Net: Unknown Pin: Pin Header33-19
Add Pin To Net: Unknown Pin: Pin Header33-20
Add Pin To Net: Unknown Pin: Pin Header33-21
Add Pin To Net: Unknown Pin: Pin Header33-22
Add Pin To Net: Unknown Pin: Pin Header33-23
Add Pin To Net: Unknown Pin: Pin Header33-24
Add Pin To Net: Unknown Pin: Pin Header33-25
Add Pin To Net: Unknown Pin: Pin Header33-26
Add Pin To Net: Unknown Pin: Pin Header33-27
Add Pin To Net: Unknown Pin: Pin Header33-28
Add Pin To Net: Unknown Pin: Pin Header33-29
Add Pin To Net: Unknown Pin: Pin Header33-30
Add Pin To Net: Unknown Pin: Pin Header38-1
Add Pin To Net: Unknown Pin: Pin Header38-2
Add Pin To Net: Unknown Pin: Pin Header38-3
Add Pin To Net: Unknown Pin: Pin Header38-4
Add Pin To Net: Unknown Pin: Pin Header38-6
Add Pin To Net: Unknown Pin: Pin Header38-7
Add Pin To Net: Unknown Pin: Pin Header38-8
Add Pin To Net: Unknown Pin: Pin Header38-10
Add Pin To Net: Unknown Pin: Pin Header38-11
Add Pin To Net: Unknown Pin: Pin Header38-12
Add Pin To Net: Unknown Pin: Pin Header38-13
Add Pin To Net: Unknown Pin: Pin Header38-14
Add Pin To Net: Unknown Pin: Pin Header38-15
Add Pin To Net: Unknown Pin: Pin Header38-16
Add Pin To Net: Unknown Pin: Pin Header38-17
Add Pin To Net: Unknown Pin: Pin Header38-18
Add Pin To Net: Unknown Pin: Pin Header38-19
Add Pin To Net: Unknown Pin: Pin Header38-20
Add Pin To Net: Unknown Pin: Pin Header38-21
Add Pin To Net: Unknown Pin: Pin Header38-22
Add Pin To Net: Unknown Pin: Pin Header38-23
Add Pin To Net: Unknown Pin: Pin Header38-24
Add Pin To Net: Unknown Pin: Pin Header38-25
Add Pin To Net: Unknown Pin: Pin Header38-26
Add Pin To Net: Unknown Pin: Pin Header38-27
Add Pin To Net: Unknown Pin: Pin Header38-28
Add Pin To Net: Unknown Pin: Pin Header39-1
Add Pin To Net: Unknown Pin: Pin Header39-2
Add Pin To Net: Unknown Pin: Pin Header39-3
Add Pin To Net: Unknown Pin: Pin Header39-4
Add Pin To Net: Unknown Pin: Pin Header39-6
Add Pin To Net: Unknown Pin: Pin Header39-7
Add Pin To Net: Unknown Pin: Pin Header39-8
Add Pin To Net: Unknown Pin: Pin Header39-10
Add Pin To Net: Unknown Pin: Pin Header39-11
Add Pin To Net: Unknown Pin: Pin Header39-12
Add Pin To Net: Unknown Pin: Pin Header39-13
Add Pin To Net: Unknown Pin: Pin Header39-14
Add Pin To Net: Unknown Pin: Pin Header39-15
Add Pin To Net: Unknown Pin: Pin Header39-16
Add Pin To Net: Unknown Pin: Pin Header39-17
Add Pin To Net: Unknown Pin: Pin Header39-18
Add Pin To Net: Unknown Pin: Pin Header39-19
Add Pin To Net: Unknown Pin: Pin Header39-20
Add Pin To Net: Unknown Pin: Pin Header39-21
Add Pin To Net: Unknown Pin: Pin Header39-22
Add Pin To Net: Unknown Pin: Pin Header39-23
Add Pin To Net: Unknown Pin: Pin Header39-24
Add Pin To Net: Unknown Pin: Pin Header39-25
Add Pin To Net: Unknown Pin: Pin Header39-26
Add Pin To Net: Unknown Pin: Pin Header39-27
Add Pin To Net: Unknown Pin: Pin Header39-28
Add Pin To Net: Unknown Pin: Pin Header40-1
Add Pin To Net: Unknown Pin: Pin Header40-2
Add Pin To Net: Unknown Pin: Pin Header40-3
Add Pin To Net: Unknown Pin: Pin Header40-4
Add Pin To Net: Unknown Pin: Pin Header40-6
Add Pin To Net: Unknown Pin: Pin Header40-7
Add Pin To Net: Unknown Pin: Pin Header40-8
Add Pin To Net: Unknown Pin: Pin Header40-10
Add Pin To Net: Unknown Pin: Pin Header40-11
Add Pin To Net: Unknown Pin: Pin Header40-12
Add Pin To Net: Unknown Pin: Pin Header40-13
Add Pin To Net: Unknown Pin: Pin Header40-14
Add Pin To Net: Unknown Pin: Pin Header40-15
Add Pin To Net: Unknown Pin: Pin Header40-16
Add Pin To Net: Unknown Pin: Pin Header40-17
Add Pin To Net: Unknown Pin: Pin Header40-18
Add Pin To Net: Unknown Pin: Pin Header40-19
Add Pin To Net: Unknown Pin: Pin Header40-20
Add Pin To Net: Unknown Pin: Pin Header40-21
Add Pin To Net: Unknown Pin: Pin Header40-22
Add Pin To Net: Unknown Pin: Pin Header40-23
Add Pin To Net: Unknown Pin: Pin Header40-24
Add Pin To Net: Unknown Pin: Pin Header40-25
Add Pin To Net: Unknown Pin: Pin Header40-26
Add Pin To Net: Unknown Pin: Pin Header40-27
Add Pin To Net: Unknown Pin: Pin Header40-28
Add Pin To Net: Unknown Pin: Pin Header41-1
Add Pin To Net: Unknown Pin: Pin Header41-2
Add Pin To Net: Unknown Pin: Pin Header41-3
Add Pin To Net: Unknown Pin: Pin Header41-4
Add Pin To Net: Unknown Pin: Pin Header41-5
Add Pin To Net: Unknown Pin: Pin Header41-6
Add Pin To Net: Unknown Pin: Pin Header41-7
Add Pin To Net: Unknown Pin: Pin Header41-8
Add Pin To Net: Unknown Pin: Pin Header41-9
Add Pin To Net: Unknown Pin: Pin Header41-11
Add Pin To Net: Unknown Pin: Pin Header41-12
Add Pin To Net: Unknown Pin: Pin Header41-13
Add Pin To Net: Unknown Pin: Pin Header41-14
Add Pin To Net: Unknown Pin: Pin Header41-15
Add Pin To Net: Unknown Pin: Pin Header41-16
Add Pin To Net: Unknown Pin: Pin Header41-17
Add Pin To Net: Unknown Pin: Pin Header41-18
Add Pin To Net: Unknown Pin: Pin Header41-20
Add Pin To Net: Unknown Pin: Pin Header41-21
Add Pin To Net: Unknown Pin: Pin Header41-22
Add Pin To Net: Unknown Pin: Pin Header41-23
Add Pin To Net: Unknown Pin: Pin Header41-24
Add Pin To Net: Unknown Pin: Pin Header41-25
Add Pin To Net: Unknown Pin: Pin Header41-26
Add Pin To Net: Unknown Pin: Pin Header41-27
Add Pin To Net: Unknown Pin: Pin Header41-28
Add Pin To Net: Unknown Pin: Pin Header42-1
Add Pin To Net: Unknown Pin: Pin Header42-2
Add Pin To Net: Unknown Pin: Pin Header42-3
Add Pin To Net: Unknown Pin: Pin Header42-4
Add Pin To Net: Unknown Pin: Pin Header42-5
Add Pin To Net: Unknown Pin: Pin Header42-6
Add Pin To Net: Unknown Pin: Pin Header42-7
Add Pin To Net: Unknown Pin: Pin Header42-8
Add Pin To Net: Unknown Pin: Pin Header42-9
Add Pin To Net: Unknown Pin: Pin Header42-11
Add Pin To Net: Unknown Pin: Pin Header42-12
Add Pin To Net: Unknown Pin: Pin Header42-13
Add Pin To Net: Unknown Pin: Pin Header42-14
Add Pin To Net: Unknown Pin: Pin Header42-15
Add Pin To Net: Unknown Pin: Pin Header42-16
Add Pin To Net: Unknown Pin: Pin Header42-17
Add Pin To Net: Unknown Pin: Pin Header42-18
Add Pin To Net: Unknown Pin: Pin Header42-20
Add Pin To Net: Unknown Pin: Pin Header42-21
Add Pin To Net: Unknown Pin: Pin Header42-22
Add Pin To Net: Unknown Pin: Pin Header42-23
Add Pin To Net: Unknown Pin: Pin Header42-24
Add Pin To Net: Unknown Pin: Pin Header42-25
Add Pin To Net: Unknown Pin: Pin Header42-26
Add Pin To Net: Unknown Pin: Pin Header42-27
Add Pin To Net: Unknown Pin: Pin Header42-28
Add Pin To Net: Unknown Pin: Pin Header43-1
Add Pin To Net: Unknown Pin: Pin Header43-2
Add Pin To Net: Unknown Pin: Pin Header43-3
Add Pin To Net: Unknown Pin: Pin Header43-4
Add Pin To Net: Unknown Pin: Pin Header43-5
Add Pin To Net: Unknown Pin: Pin Header43-6
Add Pin To Net: Unknown Pin: Pin Header43-7
Add Pin To Net: Unknown Pin: Pin Header43-8
Add Pin To Net: Unknown Pin: Pin Header43-9
Add Pin To Net: Unknown Pin: Pin Header43-10
Add Pin To Net: Unknown Pin: Pin Header43-11
Add Pin To Net: Unknown Pin: Pin Header43-12
Add Pin To Net: Unknown Pin: Pin Header43-13
Add Pin To Net: Unknown Pin: Pin Header43-14
Add Pin To Net: Unknown Pin: Pin Header43-15
Add Pin To Net: Unknown Pin: Pin Header43-16
Add Pin To Net: Unknown Pin: Pin Header43-17
Add Pin To Net: Unknown Pin: Pin Header43-18
Add Pin To Net: Unknown Pin: Pin Header43-19
Add Pin To Net: Unknown Pin: Pin Header43-20
Add Pin To Net: Unknown Pin: Pin Header43-21
Add Pin To Net: Unknown Pin: Pin Header43-22
Add Pin To Net: Unknown Pin: Pin Header43-23
Add Pin To Net: Unknown Pin: Pin Header43-24
Add Pin To Net: Unknown Pin: Pin Header43-25
Add Pin To Net: Unknown Pin: Pin Header43-26
Add Pin To Net: Unknown Pin: Pin Header43-27
Add Pin To Net: Unknown Pin: Pin Header43-28
Add Pin To Net: Unknown Pin: Pin Header43-29
Add Pin To Net: Unknown Pin: Pin Header43-30
Add Pin To Net: Unknown Pin: Pin Header44-1
Add Pin To Net: Unknown Pin: Pin Header44-2
Add Pin To Net: Unknown Pin: Pin Header44-3
Add Pin To Net: Unknown Pin: Pin Header44-4
Add Pin To Net: Unknown Pin: Pin Header44-5
Add Pin To Net: Unknown Pin: Pin Header44-6
Add Pin To Net: Unknown Pin: Pin Header44-7
Add Pin To Net: Unknown Pin: Pin Header44-8
Add Pin To Net: Unknown Pin: Pin Header44-9
Add Pin To Net: Unknown Pin: Pin Header44-10
Add Pin To Net: Unknown Pin: Pin Header44-11
Add Pin To Net: Unknown Pin: Pin Header44-12
Add Pin To Net: Unknown Pin: Pin Header44-13
Add Pin To Net: Unknown Pin: Pin Header44-14
Add Pin To Net: Unknown Pin: Pin Header44-15
Add Pin To Net: Unknown Pin: Pin Header44-16
Add Pin To Net: Unknown Pin: Pin Header44-17
Add Pin To Net: Unknown Pin: Pin Header44-18
Add Pin To Net: Unknown Pin: Pin Header44-19
Add Pin To Net: Unknown Pin: Pin Header44-20
Add Pin To Net: Unknown Pin: Pin Header44-21
Add Pin To Net: Unknown Pin: Pin Header44-22
Add Pin To Net: Unknown Pin: Pin Header44-23
Add Pin To Net: Unknown Pin: Pin Header44-24
Add Pin To Net: Unknown Pin: Pin Header44-25
Add Pin To Net: Unknown Pin: Pin Header44-26
Add Pin To Net: Unknown Pin: Pin Header44-27
Add Pin To Net: Unknown Pin: Pin Header44-28
Add Pin To Net: Unknown Pin: Pin Header44-29
Add Pin To Net: Unknown Pin: Pin Header44-30
Added Pin To Net: NetName=NetHeader17_2 Pin=R142-2
Added Pin To Net: NetName=NetHeader17_4 Pin=R143-2
Added Pin To Net: NetName=NetHeader17_6 Pin=R144-2
Added Pin To Net: NetName=NetHeader17_8 Pin=R145-2
Added Pin To Net: NetName=NetHeader17_10 Pin=R146-2
Added Pin To Net: NetName=NetHeader17_12 Pin=R147-2
Added Pin To Net: NetName=NetHeader17_14 Pin=R148-2
Added Pin To Net: NetName=NetHeader17_16 Pin=R149-2
Added Pin To Net: NetName=NetHeader17_18 Pin=R150-2
Added Pin To Net: NetName=NetHeader17_20 Pin=R151-2
Added Pin To Net: NetName=NetHeader17_22 Pin=R152-2
Added Pin To Net: NetName=NetHeader17_24 Pin=R153-2
Added Pin To Net: NetName=NetHeader17_26 Pin=R154-2
Added Pin To Net: NetName=NetHeader17_3 Pin=R157-1
Added Pin To Net: NetName=NetHeader17_7 Pin=R159-1
Added Pin To Net: NetName=NetHeader17_11 Pin=R160-1
Added Pin To Net: NetName=NetHeader17_13 Pin=R161-1
Added Pin To Net: NetName=NetHeader17_15 Pin=R162-1
Added Pin To Net: NetName=NetHeader17_17 Pin=R163-1
Added Pin To Net: NetName=NetHeader17_19 Pin=R164-1
Added Pin To Net: NetName=NetHeader17_21 Pin=R165-1
Added Pin To Net: NetName=NetHeader17_23 Pin=R166-1
Added Pin To Net: NetName=NetHeader17_25 Pin=R167-1
Added Pin To Net: NetName=NetHeader17_27 Pin=R168-1
Added Pin To Net: NetName=NetHeader38_2 Pin=R170-2
Added Pin To Net: NetName=NetHeader38_4 Pin=R171-2
Added Pin To Net: NetName=NetHeader38_6 Pin=R172-2
Added Pin To Net: NetName=NetHeader38_8 Pin=R173-2
Added Pin To Net: NetName=NetHeader38_10 Pin=R174-2
Added Pin To Net: NetName=NetHeader38_12 Pin=R175-2
Added Pin To Net: NetName=NetHeader38_14 Pin=R176-2
Added Pin To Net: NetName=NetHeader38_16 Pin=R177-2
Added Pin To Net: NetName=NetHeader38_18 Pin=R178-2
Added Pin To Net: NetName=NetHeader38_20 Pin=R179-2
Added Pin To Net: NetName=NetHeader38_22 Pin=R180-2
Added Pin To Net: NetName=NetHeader38_24 Pin=R181-2
Added Pin To Net: NetName=NetHeader38_26 Pin=R182-2
Added Pin To Net: NetName=NetHeader38_3 Pin=R185-1
Added Pin To Net: NetName=NetHeader38_7 Pin=R187-1
Added Pin To Net: NetName=NetHeader38_11 Pin=R188-1
Added Pin To Net: NetName=NetHeader38_13 Pin=R189-1
Added Pin To Net: NetName=NetHeader38_15 Pin=R190-1
Added Pin To Net: NetName=NetHeader38_17 Pin=R191-1
Added Pin To Net: NetName=NetHeader38_19 Pin=R192-1
Added Pin To Net: NetName=NetHeader38_21 Pin=R193-1
Added Pin To Net: NetName=NetHeader38_23 Pin=R194-1
Added Pin To Net: NetName=NetHeader38_25 Pin=R195-1
Added Pin To Net: NetName=NetHeader38_27 Pin=R196-1
Added Pin To Net: NetName=NetHeader30_16 Pin=R197-1
Added Pin To Net: NetName=SR69G Pin=R197-2
Added Pin To Net: NetName=NetHeader30_17 Pin=R198-1
Added Pin To Net: NetName=SR69H Pin=R198-2
Added Pin To Net: NetName=NetHeader30_18 Pin=R199-1
Added Pin To Net: NetName=SR71E Pin=R199-2
Added Pin To Net: NetName=NetHeader30_19 Pin=R200-1
Added Pin To Net: NetName=SR71F Pin=R200-2
Added Pin To Net: NetName=NetHeader30_20 Pin=R201-1
Added Pin To Net: NetName=SR71G Pin=R201-2
Added Pin To Net: NetName=NetHeader30_21 Pin=R202-1
Added Pin To Net: NetName=SR71H Pin=R202-2
Added Pin To Net: NetName=NetHeader30_22 Pin=R203-1
Added Pin To Net: NetName=SR71A Pin=R203-2
Added Pin To Net: NetName=NetHeader30_23 Pin=R204-1
Added Pin To Net: NetName=SR72B Pin=R204-2
Added Pin To Net: NetName=NetHeader30_24 Pin=R205-1
Added Pin To Net: NetName=SR72C Pin=R205-2
Added Pin To Net: NetName=NetHeader30_25 Pin=R206-1
Added Pin To Net: NetName=SR72D Pin=R206-2
Added Pin To Net: NetName=NetHeader30_26 Pin=R207-1
Added Pin To Net: NetName=SR72E Pin=R207-2
Added Pin To Net: NetName=NetHeader30_27 Pin=R208-1
Added Pin To Net: NetName=SR72F Pin=R208-2
Added Pin To Net: NetName=NetHeader30_28 Pin=R209-1
Added Pin To Net: NetName=SR72G Pin=R209-2
Added Pin To Net: NetName=NetHeader30_29 Pin=R210-1
Added Pin To Net: NetName=SR72H Pin=R210-2
Added Pin To Net: NetName=NetHeader30_30 Pin=R211-1
Added Pin To Net: NetName=SR72A Pin=R211-2
Added Pin To Net: NetName=NetHeader31_16 Pin=R251-1
Added Pin To Net: NetName=SR67C Pin=R251-2
Added Pin To Net: NetName=NetHeader31_17 Pin=R252-1
Added Pin To Net: NetName=SR67D Pin=R252-2
Added Pin To Net: NetName=NetHeader31_18 Pin=R253-1
Added Pin To Net: NetName=SR67E Pin=R253-2
Added Pin To Net: NetName=NetHeader31_19 Pin=R254-1
Added Pin To Net: NetName=SR67F Pin=R254-2
Added Pin To Net: NetName=NetHeader31_20 Pin=R255-1
Added Pin To Net: NetName=SR67G Pin=R255-2
Added Pin To Net: NetName=NetHeader31_21 Pin=R256-1
Added Pin To Net: NetName=SR67H Pin=R256-2
Added Pin To Net: NetName=NetHeader31_22 Pin=R257-1
Added Pin To Net: NetName=SR67A Pin=R257-2
Added Pin To Net: NetName=NetHeader31_23 Pin=R258-1
Added Pin To Net: NetName=SR68B Pin=R258-2
Added Pin To Net: NetName=NetHeader31_24 Pin=R259-1
Added Pin To Net: NetName=SR68C Pin=R259-2
Added Pin To Net: NetName=NetHeader31_25 Pin=R260-1
Added Pin To Net: NetName=SR68D Pin=R260-2
Added Pin To Net: NetName=NetHeader31_26 Pin=R261-1
Added Pin To Net: NetName=SR68E Pin=R261-2
Added Pin To Net: NetName=NetHeader31_27 Pin=R262-1
Added Pin To Net: NetName=SR68F Pin=R262-2
Added Pin To Net: NetName=NetHeader31_28 Pin=R263-1
Added Pin To Net: NetName=SR68G Pin=R263-2
Added Pin To Net: NetName=NetHeader31_29 Pin=R264-1
Added Pin To Net: NetName=SR68H Pin=R264-2
Added Pin To Net: NetName=NetHeader31_30 Pin=R265-1
Added Pin To Net: NetName=SR68A Pin=R265-2
Added Pin To Net: NetName=SR52D Pin=R296-1
Added Pin To Net: NetName=NetHeader32_16 Pin=R296-2
Added Pin To Net: NetName=SR52E Pin=R297-1
Added Pin To Net: NetName=NetHeader32_17 Pin=R297-2
Added Pin To Net: NetName=SR52F Pin=R298-1
Added Pin To Net: NetName=NetHeader32_18 Pin=R298-2
Added Pin To Net: NetName=SR52G Pin=R299-1
Added Pin To Net: NetName=NetHeader32_19 Pin=R299-2
Added Pin To Net: NetName=SR52H Pin=R300-1
Added Pin To Net: NetName=NetHeader32_20 Pin=R300-2
Added Pin To Net: NetName=SR52A Pin=R301-1
Added Pin To Net: NetName=NetHeader32_21 Pin=R301-2
Added Pin To Net: NetName=SR54A Pin=R302-1
Added Pin To Net: NetName=NetHeader32_22 Pin=R302-2
Added Pin To Net: NetName=SR51B Pin=R303-1
Added Pin To Net: NetName=NetHeader32_23 Pin=R303-2
Added Pin To Net: NetName=SR51C Pin=R304-1
Added Pin To Net: NetName=NetHeader32_24 Pin=R304-2
Added Pin To Net: NetName=SR51D Pin=R305-1
Added Pin To Net: NetName=NetHeader32_25 Pin=R305-2
Added Pin To Net: NetName=SR51E Pin=R306-1
Added Pin To Net: NetName=NetHeader32_26 Pin=R306-2
Added Pin To Net: NetName=SR51F Pin=R307-1
Added Pin To Net: NetName=NetHeader32_27 Pin=R307-2
Added Pin To Net: NetName=SR51G Pin=R308-1
Added Pin To Net: NetName=NetHeader32_28 Pin=R308-2
Added Pin To Net: NetName=SR51H Pin=R309-1
Added Pin To Net: NetName=NetHeader32_29 Pin=R309-2
Added Pin To Net: NetName=SR51A Pin=R310-1
Added Pin To Net: NetName=NetHeader32_30 Pin=R310-2
Added Pin To Net: NetName=SR48E Pin=R311-1
Added Pin To Net: NetName=NetHeader33_16 Pin=R311-2
Added Pin To Net: NetName=SR48F Pin=R312-1
Added Pin To Net: NetName=NetHeader33_17 Pin=R312-2
Added Pin To Net: NetName=SR48G Pin=R313-1
Added Pin To Net: NetName=NetHeader33_18 Pin=R313-2
Added Pin To Net: NetName=SR48H Pin=R314-1
Added Pin To Net: NetName=NetHeader33_19 Pin=R314-2
Added Pin To Net: NetName=SR50G Pin=R315-1
Added Pin To Net: NetName=NetHeader33_20 Pin=R315-2
Added Pin To Net: NetName=SR50H Pin=R316-1
Added Pin To Net: NetName=NetHeader33_21 Pin=R316-2
Added Pin To Net: NetName=SR50A Pin=R317-1
Added Pin To Net: NetName=NetHeader33_22 Pin=R317-2
Added Pin To Net: NetName=SR47B Pin=R318-1
Added Pin To Net: NetName=NetHeader33_23 Pin=R318-2
Added Pin To Net: NetName=SR47C Pin=R319-1
Added Pin To Net: NetName=NetHeader33_24 Pin=R319-2
Added Pin To Net: NetName=SR47D Pin=R320-1
Added Pin To Net: NetName=NetHeader33_25 Pin=R320-2
Added Pin To Net: NetName=SR47E Pin=R321-1
Added Pin To Net: NetName=NetHeader33_26 Pin=R321-2
Added Pin To Net: NetName=SR47F Pin=R322-1
Added Pin To Net: NetName=NetHeader33_27 Pin=R322-2
Added Pin To Net: NetName=SR47G Pin=R323-1
Added Pin To Net: NetName=NetHeader33_28 Pin=R323-2
Added Pin To Net: NetName=SR47H Pin=R324-1
Added Pin To Net: NetName=NetHeader33_29 Pin=R324-2
Added Pin To Net: NetName=SR47A Pin=R325-1
Added Pin To Net: NetName=NetHeader33_30 Pin=R325-2
Added Pin To Net: NetName=NetHeader39_2 Pin=R341-1
Added Pin To Net: NetName=NetHeader39_4 Pin=R342-1
Added Pin To Net: NetName=NetHeader39_8 Pin=R343-1
Added Pin To Net: NetName=NetHeader39_6 Pin=R344-1
Added Pin To Net: NetName=NetHeader39_10 Pin=R345-1
Added Pin To Net: NetName=NetHeader39_12 Pin=R346-1
Added Pin To Net: NetName=NetHeader39_14 Pin=R347-1
Added Pin To Net: NetName=NetHeader39_16 Pin=R348-1
Added Pin To Net: NetName=NetHeader39_18 Pin=R349-1
Added Pin To Net: NetName=NetHeader39_20 Pin=R350-1
Added Pin To Net: NetName=NetHeader39_22 Pin=R351-1
Added Pin To Net: NetName=NetHeader39_24 Pin=R352-1
Added Pin To Net: NetName=NetHeader39_26 Pin=R353-1
Added Pin To Net: NetName=NetHeader39_3 Pin=R356-2
Added Pin To Net: NetName=NetHeader39_7 Pin=R358-2
Added Pin To Net: NetName=NetHeader39_11 Pin=R359-2
Added Pin To Net: NetName=NetHeader39_13 Pin=R360-2
Added Pin To Net: NetName=NetHeader39_15 Pin=R361-2
Added Pin To Net: NetName=NetHeader39_17 Pin=R362-2
Added Pin To Net: NetName=NetHeader39_19 Pin=R363-2
Added Pin To Net: NetName=NetHeader39_21 Pin=R364-2
Added Pin To Net: NetName=NetHeader39_23 Pin=R365-2
Added Pin To Net: NetName=NetHeader39_25 Pin=R366-2
Added Pin To Net: NetName=NetHeader39_27 Pin=R367-2
Added Pin To Net: NetName=NetHeader40_2 Pin=R368-1
Added Pin To Net: NetName=NetHeader40_4 Pin=R369-1
Added Pin To Net: NetName=NetHeader40_6 Pin=R370-1
Added Pin To Net: NetName=NetHeader40_8 Pin=R371-1
Added Pin To Net: NetName=NetHeader40_10 Pin=R372-1
Added Pin To Net: NetName=NetHeader40_12 Pin=R373-1
Added Pin To Net: NetName=NetHeader40_14 Pin=R374-1
Added Pin To Net: NetName=NetHeader40_16 Pin=R375-1
Added Pin To Net: NetName=NetHeader40_18 Pin=R376-1
Added Pin To Net: NetName=NetHeader40_20 Pin=R377-1
Added Pin To Net: NetName=NetHeader40_22 Pin=R378-1
Added Pin To Net: NetName=NetHeader40_24 Pin=R379-1
Added Pin To Net: NetName=NetHeader40_26 Pin=R380-1
Added Pin To Net: NetName=NetHeader40_3 Pin=R407-2
Added Pin To Net: NetName=NetHeader40_7 Pin=R409-2
Added Pin To Net: NetName=NetHeader40_11 Pin=R410-2
Added Pin To Net: NetName=NetHeader40_15 Pin=R411-2
Added Pin To Net: NetName=NetHeader40_13 Pin=R412-2
Added Pin To Net: NetName=NetHeader40_17 Pin=R413-2
Added Pin To Net: NetName=NetHeader40_19 Pin=R414-2
Added Pin To Net: NetName=NetHeader40_27 Pin=R415-2
Added Pin To Net: NetName=NetHeader40_25 Pin=R416-2
Added Pin To Net: NetName=NetHeader40_23 Pin=R417-2
Added Pin To Net: NetName=NetHeader40_21 Pin=R418-2
Added Pin To Net: NetName=NetHeader43_16 Pin=R669-1
Added Pin To Net: NetName=SR81A Pin=R669-2
Added Pin To Net: NetName=NetHeader43_17 Pin=R670-1
Added Pin To Net: NetName=SR81H Pin=R670-2
Added Pin To Net: NetName=NetHeader43_18 Pin=R671-1
Added Pin To Net: NetName=SR81G Pin=R671-2
Added Pin To Net: NetName=NetHeader43_19 Pin=R672-1
Added Pin To Net: NetName=SR81F Pin=R672-2
Added Pin To Net: NetName=NetHeader43_20 Pin=R673-1
Added Pin To Net: NetName=SR81E Pin=R673-2
Added Pin To Net: NetName=NetHeader43_21 Pin=R674-1
Added Pin To Net: NetName=SR81D Pin=R674-2
Added Pin To Net: NetName=NetHeader43_22 Pin=R675-1
Added Pin To Net: NetName=SR81C Pin=R675-2
Added Pin To Net: NetName=NetHeader43_23 Pin=R676-1
Added Pin To Net: NetName=SR81B Pin=R676-2
Added Pin To Net: NetName=NetHeader43_24 Pin=R677-1
Added Pin To Net: NetName=SR84A Pin=R677-2
Added Pin To Net: NetName=NetHeader43_25 Pin=R678-1
Added Pin To Net: NetName=SR84H Pin=R678-2
Added Pin To Net: NetName=NetHeader43_26 Pin=R679-1
Added Pin To Net: NetName=SR84G Pin=R679-2
Added Pin To Net: NetName=NetHeader43_27 Pin=R680-1
Added Pin To Net: NetName=SR84F Pin=R680-2
Added Pin To Net: NetName=NetHeader43_28 Pin=R681-1
Added Pin To Net: NetName=SR84E Pin=R681-2
Added Pin To Net: NetName=NetHeader43_29 Pin=R682-1
Added Pin To Net: NetName=SR80B Pin=R682-2
Added Pin To Net: NetName=NetHeader43_30 Pin=R683-1
Added Pin To Net: NetName=SR79A Pin=R683-2
Added Pin To Net: NetName=NetHeader11_2 Pin=R684-2
Added Pin To Net: NetName=NetHeader11_4 Pin=R685-2
Added Pin To Net: NetName=NetHeader11_6 Pin=R686-2
Added Pin To Net: NetName=NetHeader11_8 Pin=R687-2
Added Pin To Net: NetName=NetHeader11_12 Pin=R689-2
Added Pin To Net: NetName=NetHeader11_14 Pin=R690-2
Added Pin To Net: NetName=NetHeader11_16 Pin=R691-2
Added Pin To Net: NetName=NetHeader11_18 Pin=R692-2
Added Pin To Net: NetName=NetHeader11_20 Pin=R693-2
Added Pin To Net: NetName=NetHeader11_22 Pin=R694-2
Added Pin To Net: NetName=NetHeader11_24 Pin=R695-2
Added Pin To Net: NetName=NetHeader11_26 Pin=R696-2
Added Pin To Net: NetName=NetHeader11_3 Pin=R699-2
Added Pin To Net: NetName=NetHeader11_5 Pin=R700-2
Added Pin To Net: NetName=NetHeader11_7 Pin=R701-2
Added Pin To Net: NetName=NetHeader11_9 Pin=R702-2
Added Pin To Net: NetName=NetHeader11_11 Pin=R703-2
Added Pin To Net: NetName=NetHeader11_13 Pin=R704-2
Added Pin To Net: NetName=NetHeader11_15 Pin=R705-2
Added Pin To Net: NetName=NetHeader11_17 Pin=R706-2
Added Pin To Net: NetName=NetHeader11_21 Pin=R707-2
Added Pin To Net: NetName=NetHeader11_23 Pin=R708-2
Added Pin To Net: NetName=NetHeader11_25 Pin=R709-2
Added Pin To Net: NetName=NetHeader11_27 Pin=R710-2
Added Pin To Net: NetName=NetHeader12_2 Pin=R711-2
Added Pin To Net: NetName=NetHeader12_4 Pin=R712-2
Added Pin To Net: NetName=NetHeader12_6 Pin=R713-2
Added Pin To Net: NetName=NetHeader12_8 Pin=R714-2
Added Pin To Net: NetName=NetHeader12_12 Pin=R716-2
Added Pin To Net: NetName=NetHeader12_14 Pin=R717-2
Added Pin To Net: NetName=NetHeader12_16 Pin=R718-2
Added Pin To Net: NetName=NetHeader12_18 Pin=R719-2
Added Pin To Net: NetName=NetHeader12_20 Pin=R720-2
Added Pin To Net: NetName=NetHeader12_22 Pin=R721-2
Added Pin To Net: NetName=NetHeader12_24 Pin=R722-2
Added Pin To Net: NetName=NetHeader12_26 Pin=R723-2
Added Pin To Net: NetName=NetHeader12_27 Pin=R726-2
Added Pin To Net: NetName=NetHeader12_25 Pin=R727-2
Added Pin To Net: NetName=NetHeader12_23 Pin=R728-2
Added Pin To Net: NetName=NetHeader12_21 Pin=R729-2
Added Pin To Net: NetName=NetHeader12_17 Pin=R730-2
Added Pin To Net: NetName=NetHeader12_3 Pin=R732-2
Added Pin To Net: NetName=NetHeader12_5 Pin=R733-2
Added Pin To Net: NetName=NetHeader12_7 Pin=R734-2
Added Pin To Net: NetName=NetHeader12_9 Pin=R735-2
Added Pin To Net: NetName=NetHeader12_11 Pin=R736-2
Added Pin To Net: NetName=NetHeader12_13 Pin=R737-2
Added Pin To Net: NetName=NetHeader12_15 Pin=R738-2
Added Pin To Net: NetName=NetHeader41_26 Pin=R740-2
Added Pin To Net: NetName=NetHeader41_2 Pin=R742-2
Added Pin To Net: NetName=NetHeader41_4 Pin=R743-2
Added Pin To Net: NetName=NetHeader41_6 Pin=R744-2
Added Pin To Net: NetName=NetHeader41_8 Pin=R745-2
Added Pin To Net: NetName=NetHeader41_12 Pin=R747-2
Added Pin To Net: NetName=NetHeader41_14 Pin=R748-2
Added Pin To Net: NetName=NetHeader41_16 Pin=R749-2
Added Pin To Net: NetName=NetHeader41_18 Pin=R750-2
Added Pin To Net: NetName=NetHeader41_20 Pin=R751-2
Added Pin To Net: NetName=NetHeader41_22 Pin=R752-2
Added Pin To Net: NetName=NetHeader41_24 Pin=R753-2
Added Pin To Net: NetName=NetHeader41_27 Pin=R754-2
Added Pin To Net: NetName=NetHeader41_25 Pin=R755-2
Added Pin To Net: NetName=NetHeader41_23 Pin=R756-2
Added Pin To Net: NetName=NetHeader41_21 Pin=R757-2
Added Pin To Net: NetName=NetHeader41_17 Pin=R758-2
Added Pin To Net: NetName=NetHeader41_15 Pin=R759-2
Added Pin To Net: NetName=NetHeader41_13 Pin=R760-2
Added Pin To Net: NetName=NetHeader41_3 Pin=R762-2
Added Pin To Net: NetName=NetHeader41_5 Pin=R763-2
Added Pin To Net: NetName=NetHeader41_7 Pin=R764-2
Added Pin To Net: NetName=NetHeader41_9 Pin=R765-2
Added Pin To Net: NetName=NetHeader41_11 Pin=R766-2
Added Pin To Net: NetName=NetHeader44_30 Pin=R783-1
Added Pin To Net: NetName=SR60A Pin=R783-2
Added Pin To Net: NetName=NetHeader44_29 Pin=R784-1
Added Pin To Net: NetName=SR57B Pin=R784-2
Added Pin To Net: NetName=NetHeader44_28 Pin=R785-1
Added Pin To Net: NetName=SR57C Pin=R785-2
Added Pin To Net: NetName=NetHeader44_27 Pin=R786-1
Added Pin To Net: NetName=SR57D Pin=R786-2
Added Pin To Net: NetName=NetHeader44_26 Pin=R787-1
Added Pin To Net: NetName=SR61A Pin=R787-2
Added Pin To Net: NetName=NetHeader44_25 Pin=R788-1
Added Pin To Net: NetName=SR61G Pin=R788-2
Added Pin To Net: NetName=NetHeader44_24 Pin=R789-1
Added Pin To Net: NetName=SR61H Pin=R789-2
Added Pin To Net: NetName=NetHeader44_23 Pin=R790-1
Added Pin To Net: NetName=SR62B Pin=R790-2
Added Pin To Net: NetName=NetHeader44_22 Pin=R791-1
Added Pin To Net: NetName=SR62C Pin=R791-2
Added Pin To Net: NetName=NetHeader44_21 Pin=R792-1
Added Pin To Net: NetName=SR62D Pin=R792-2
Added Pin To Net: NetName=NetHeader44_20 Pin=R793-1
Added Pin To Net: NetName=SR62E Pin=R793-2
Added Pin To Net: NetName=NetHeader44_19 Pin=R794-1
Added Pin To Net: NetName=SR62F Pin=R794-2
Added Pin To Net: NetName=NetHeader44_18 Pin=R795-1
Added Pin To Net: NetName=SR62G Pin=R795-2
Added Pin To Net: NetName=NetHeader44_17 Pin=R796-1
Added Pin To Net: NetName=SR62H Pin=R796-2
Added Pin To Net: NetName=NetHeader44_16 Pin=R797-1
Added Pin To Net: NetName=SR62A Pin=R797-2
Added Pin To Net: NetName=NetHeader42_2 Pin=R927-2
Added Pin To Net: NetName=NetHeader42_4 Pin=R928-2
Added Pin To Net: NetName=NetHeader42_6 Pin=R929-2
Added Pin To Net: NetName=NetHeader42_8 Pin=R930-2
Added Pin To Net: NetName=NetHeader42_12 Pin=R932-2
Added Pin To Net: NetName=NetHeader42_14 Pin=R933-2
Added Pin To Net: NetName=NetHeader42_16 Pin=R934-2
Added Pin To Net: NetName=NetHeader42_18 Pin=R935-2
Added Pin To Net: NetName=NetHeader42_20 Pin=R936-2
Added Pin To Net: NetName=NetHeader42_22 Pin=R937-2
Added Pin To Net: NetName=NetHeader42_24 Pin=R938-2
Added Pin To Net: NetName=NetHeader42_26 Pin=R939-2
Added Pin To Net: NetName=NetHeader42_3 Pin=R942-2
Added Pin To Net: NetName=NetHeader42_5 Pin=R943-2
Added Pin To Net: NetName=NetHeader42_7 Pin=R944-2
Added Pin To Net: NetName=NetHeader42_9 Pin=R945-2
Added Pin To Net: NetName=NetHeader42_11 Pin=R946-2
Added Pin To Net: NetName=NetHeader42_13 Pin=R947-2
Added Pin To Net: NetName=NetHeader42_15 Pin=R948-2
Added Pin To Net: NetName=NetHeader42_17 Pin=R949-2
Added Pin To Net: NetName=NetHeader42_21 Pin=R950-2
Added Pin To Net: NetName=NetHeader42_23 Pin=R951-2
Added Pin To Net: NetName=NetHeader42_25 Pin=R952-2
Added Pin To Net: NetName=NetHeader42_27 Pin=R953-2
Added Pin To Net: NetName=NetHeader11_10 Pin=R688-2
Added Net: Name=NetHeader11_10
Added Pin To Net: NetName=NetHeader12_10 Pin=R715-2
Added Net: Name=NetHeader12_10
Added Pin To Net: NetName=NetHeader17_5 Pin=R158-1
Added Net: Name=NetHeader17_5
Added Pin To Net: NetName=NetHeader38_5 Pin=R186-1
Added Net: Name=NetHeader38_5
Added Pin To Net: NetName=NetHeader39_5 Pin=R357-2
Added Net: Name=NetHeader39_5
Added Pin To Net: NetName=NetHeader40_5 Pin=R408-2
Added Net: Name=NetHeader40_5
Added Pin To Net: NetName=NetHeader41_10 Pin=R746-2
Added Net: Name=NetHeader41_10
Added Pin To Net: NetName=NetHeader42_10 Pin=R931-2
Added Net: Name=NetHeader42_10
Add Class Member: Failed to add class member : Component Header1 6-146130-4
Add Class Member: Failed to add class member : Component Header11 6-146134-3
Add Class Member: Failed to add class member : Component Header12 6-146134-3
Add Class Member: Failed to add class member : Component Header17 6-146134-3
Add Class Member: Failed to add class member : Component Header23 6-146130-4
Add Class Member: Failed to add class member : Component Header30 6-146130-4
Add Class Member: Failed to add class member : Component Header31 6-146130-4
Add Class Member: Failed to add class member : Component Header32 6-146130-4
Add Class Member: Failed to add class member : Component Header33 6-146130-4
Add Class Member: Failed to add class member : Component Header38 6-146134-3
Add Class Member: Failed to add class member : Component Header39 6-146134-3
Add Class Member: Failed to add class member : Component Header40 6-146134-3
Add Class Member: Failed to add class member : Component Header41 6-146134-3
Add Class Member: Failed to add class member : Component Header42 6-146134-3
Add Class Member: Failed to add class member : Component Header43 6-146130-4
Add Class Member: Failed to add class member : Component Header44 6-146130-4
