Removed Pin From Net: NetName=NetHeader23_1 Pin=Header23-1
Removed Pin From Net: NetName=NetHeader23_2 Pin=Header23-2
Removed Pin From Net: NetName=NetHeader23_3 Pin=Header23-3
Removed Pin From Net: NetName=NetHeader23_4 Pin=Header23-4
Removed Pin From Net: NetName=NetHeader23_5 Pin=Header23-5
Removed Pin From Net: NetName=NetHeader23_6 Pin=Header23-6
Removed Pin From Net: NetName=NetHeader23_7 Pin=Header23-7
Removed Pin From Net: NetName=NetHeader23_8 Pin=Header23-8
Removed Pin From Net: NetName=NetHeader23_9 Pin=Header23-9
Removed Pin From Net: NetName=NetHeader23_10 Pin=Header23-10
Removed Pin From Net: NetName=NetHeader23_11 Pin=Header23-11
Removed Pin From Net: NetName=NetHeader23_12 Pin=Header23-12
Removed Pin From Net: NetName=NetHeader23_13 Pin=Header23-13
Removed Pin From Net: NetName=NetHeader23_14 Pin=Header23-14
Removed Pin From Net: NetName=NetHeader23_15 Pin=Header23-15
Removed Pin From Net: NetName=NetHeader23_16 Pin=Header23-16
Removed Pin From Net: NetName=NetHeader23_17 Pin=Header23-17
Removed Pin From Net: NetName=NetHeader23_18 Pin=Header23-18
Removed Pin From Net: NetName=NetHeader23_19 Pin=Header23-19
Removed Pin From Net: NetName=NetHeader23_20 Pin=Header23-20
Removed Pin From Net: NetName=NetHeader23_21 Pin=Header23-21
Removed Pin From Net: NetName=NetHeader23_22 Pin=Header23-22
Removed Pin From Net: NetName=NetHeader23_23 Pin=Header23-23
Removed Pin From Net: NetName=NetHeader23_24 Pin=Header23-24
Removed Pin From Net: NetName=NetHeader23_25 Pin=Header23-25
Removed Pin From Net: NetName=NetHeader23_26 Pin=Header23-26
Removed Pin From Net: NetName=NetHeader23_27 Pin=Header23-27
Removed Pin From Net: NetName=NetHeader23_28 Pin=Header23-28
Removed Pin From Net: NetName=NetHeader30_1 Pin=Header30-1
Removed Pin From Net: NetName=NetHeader30_2 Pin=Header30-2
Removed Pin From Net: NetName=NetHeader30_3 Pin=Header30-3
Removed Pin From Net: NetName=NetHeader30_4 Pin=Header30-4
Removed Pin From Net: NetName=NetHeader30_5 Pin=Header30-5
Removed Pin From Net: NetName=NetHeader30_6 Pin=Header30-6
Removed Pin From Net: NetName=NetHeader30_7 Pin=Header30-7
Removed Pin From Net: NetName=NetHeader30_8 Pin=Header30-8
Removed Pin From Net: NetName=NetHeader30_9 Pin=Header30-9
Removed Pin From Net: NetName=NetHeader30_10 Pin=Header30-10
Removed Pin From Net: NetName=NetHeader30_11 Pin=Header30-11
Removed Pin From Net: NetName=NetHeader30_12 Pin=Header30-12
Removed Pin From Net: NetName=NetHeader30_13 Pin=Header30-13
Removed Pin From Net: NetName=NetHeader30_14 Pin=Header30-14
Removed Pin From Net: NetName=NetHeader30_15 Pin=Header30-15
Removed Pin From Net: NetName=NetHeader30_16 Pin=Header30-16
Removed Pin From Net: NetName=NetHeader30_17 Pin=Header30-17
Removed Pin From Net: NetName=NetHeader30_18 Pin=Header30-18
Removed Pin From Net: NetName=NetHeader30_19 Pin=Header30-19
Removed Pin From Net: NetName=NetHeader30_20 Pin=Header30-20
Removed Pin From Net: NetName=NetHeader30_21 Pin=Header30-21
Removed Pin From Net: NetName=NetHeader30_22 Pin=Header30-22
Removed Pin From Net: NetName=NetHeader30_23 Pin=Header30-23
Removed Pin From Net: NetName=NetHeader30_24 Pin=Header30-24
Removed Pin From Net: NetName=NetHeader30_25 Pin=Header30-25
Removed Pin From Net: NetName=NetHeader30_26 Pin=Header30-26
Removed Pin From Net: NetName=NetHeader30_27 Pin=Header30-27
Removed Pin From Net: NetName=NetHeader30_28 Pin=Header30-28
Removed Pin From Net: NetName=NetHeader31_1 Pin=Header31-1
Removed Pin From Net: NetName=NetHeader31_2 Pin=Header31-2
Removed Pin From Net: NetName=NetHeader31_3 Pin=Header31-3
Removed Pin From Net: NetName=NetHeader31_4 Pin=Header31-4
Removed Pin From Net: NetName=NetHeader31_5 Pin=Header31-5
Removed Pin From Net: NetName=NetHeader31_6 Pin=Header31-6
Removed Pin From Net: NetName=NetHeader31_7 Pin=Header31-7
Removed Pin From Net: NetName=NetHeader31_8 Pin=Header31-8
Removed Pin From Net: NetName=NetHeader31_9 Pin=Header31-9
Removed Pin From Net: NetName=NetHeader31_10 Pin=Header31-10
Removed Pin From Net: NetName=NetHeader31_11 Pin=Header31-11
Removed Pin From Net: NetName=NetHeader31_12 Pin=Header31-12
Removed Pin From Net: NetName=NetHeader31_13 Pin=Header31-13
Removed Pin From Net: NetName=NetHeader31_14 Pin=Header31-14
Removed Pin From Net: NetName=NetHeader31_15 Pin=Header31-15
Removed Pin From Net: NetName=NetHeader31_16 Pin=Header31-16
Removed Pin From Net: NetName=NetHeader31_17 Pin=Header31-17
Removed Pin From Net: NetName=NetHeader31_18 Pin=Header31-18
Removed Pin From Net: NetName=NetHeader31_19 Pin=Header31-19
Removed Pin From Net: NetName=NetHeader31_20 Pin=Header31-20
Removed Pin From Net: NetName=NetHeader31_21 Pin=Header31-21
Removed Pin From Net: NetName=NetHeader31_22 Pin=Header31-22
Removed Pin From Net: NetName=NetHeader31_23 Pin=Header31-23
Removed Pin From Net: NetName=NetHeader31_24 Pin=Header31-24
Removed Pin From Net: NetName=NetHeader31_25 Pin=Header31-25
Removed Pin From Net: NetName=NetHeader31_26 Pin=Header31-26
Removed Pin From Net: NetName=NetHeader31_27 Pin=Header31-27
Removed Pin From Net: NetName=NetHeader31_28 Pin=Header31-28
Removed Pin From Net: NetName=NetHeader32_1 Pin=Header32-1
Removed Pin From Net: NetName=NetHeader32_2 Pin=Header32-2
Removed Pin From Net: NetName=NetHeader32_3 Pin=Header32-3
Removed Pin From Net: NetName=NetHeader32_4 Pin=Header32-4
Removed Pin From Net: NetName=NetHeader32_5 Pin=Header32-5
Removed Pin From Net: NetName=NetHeader32_6 Pin=Header32-6
Removed Pin From Net: NetName=NetHeader32_7 Pin=Header32-7
Removed Pin From Net: NetName=NetHeader32_8 Pin=Header32-8
Removed Pin From Net: NetName=NetHeader32_9 Pin=Header32-9
Removed Pin From Net: NetName=NetHeader32_10 Pin=Header32-10
Removed Pin From Net: NetName=NetHeader32_11 Pin=Header32-11
Removed Pin From Net: NetName=NetHeader32_12 Pin=Header32-12
Removed Pin From Net: NetName=NetHeader32_13 Pin=Header32-13
Removed Pin From Net: NetName=NetHeader32_14 Pin=Header32-14
Removed Pin From Net: NetName=NetHeader32_15 Pin=Header32-15
Removed Pin From Net: NetName=NetHeader32_16 Pin=Header32-16
Removed Pin From Net: NetName=NetHeader32_17 Pin=Header32-17
Removed Pin From Net: NetName=NetHeader32_18 Pin=Header32-18
Removed Pin From Net: NetName=NetHeader32_19 Pin=Header32-19
Removed Pin From Net: NetName=NetHeader32_20 Pin=Header32-20
Removed Pin From Net: NetName=NetHeader32_21 Pin=Header32-21
Removed Pin From Net: NetName=NetHeader32_22 Pin=Header32-22
Removed Pin From Net: NetName=NetHeader32_23 Pin=Header32-23
Removed Pin From Net: NetName=NetHeader32_24 Pin=Header32-24
Removed Pin From Net: NetName=NetHeader32_25 Pin=Header32-25
Removed Pin From Net: NetName=NetHeader32_26 Pin=Header32-26
Removed Pin From Net: NetName=NetHeader32_27 Pin=Header32-27
Removed Pin From Net: NetName=NetHeader32_28 Pin=Header32-28
Removed Pin From Net: NetName=NetHeader33_1 Pin=Header33-1
Removed Pin From Net: NetName=NetHeader33_2 Pin=Header33-2
Removed Pin From Net: NetName=NetHeader33_3 Pin=Header33-3
Removed Pin From Net: NetName=NetHeader33_4 Pin=Header33-4
Removed Pin From Net: NetName=NetHeader33_5 Pin=Header33-5
Removed Pin From Net: NetName=NetHeader33_6 Pin=Header33-6
Removed Pin From Net: NetName=NetHeader33_7 Pin=Header33-7
Removed Pin From Net: NetName=NetHeader33_8 Pin=Header33-8
Removed Pin From Net: NetName=NetHeader33_9 Pin=Header33-9
Removed Pin From Net: NetName=NetHeader33_10 Pin=Header33-10
Removed Pin From Net: NetName=NetHeader33_11 Pin=Header33-11
Removed Pin From Net: NetName=NetHeader33_12 Pin=Header33-12
Removed Pin From Net: NetName=NetHeader33_13 Pin=Header33-13
Removed Pin From Net: NetName=NetHeader33_14 Pin=Header33-14
Removed Pin From Net: NetName=NetHeader33_15 Pin=Header33-15
Removed Pin From Net: NetName=NetHeader33_16 Pin=Header33-16
Removed Pin From Net: NetName=NetHeader33_17 Pin=Header33-17
Removed Pin From Net: NetName=NetHeader33_18 Pin=Header33-18
Removed Pin From Net: NetName=NetHeader33_19 Pin=Header33-19
Removed Pin From Net: NetName=NetHeader33_20 Pin=Header33-20
Removed Pin From Net: NetName=NetHeader33_21 Pin=Header33-21
Removed Pin From Net: NetName=NetHeader33_22 Pin=Header33-22
Removed Pin From Net: NetName=NetHeader33_23 Pin=Header33-23
Removed Pin From Net: NetName=NetHeader33_24 Pin=Header33-24
Removed Pin From Net: NetName=NetHeader33_25 Pin=Header33-25
Removed Pin From Net: NetName=NetHeader33_26 Pin=Header33-26
Removed Pin From Net: NetName=NetHeader33_27 Pin=Header33-27
Removed Pin From Net: NetName=NetHeader33_28 Pin=Header33-28
Removed Pin From Net: NetName=NetHeader43_1 Pin=Header43-1
Removed Pin From Net: NetName=NetHeader43_2 Pin=Header43-2
Removed Pin From Net: NetName=NetHeader43_3 Pin=Header43-3
Removed Pin From Net: NetName=NetHeader43_4 Pin=Header43-4
Removed Pin From Net: NetName=NetHeader43_5 Pin=Header43-5
Removed Pin From Net: NetName=NetHeader43_6 Pin=Header43-6
Removed Pin From Net: NetName=NetHeader43_7 Pin=Header43-7
Removed Pin From Net: NetName=NetHeader43_8 Pin=Header43-8
Removed Pin From Net: NetName=NetHeader43_9 Pin=Header43-9
Removed Pin From Net: NetName=NetHeader43_10 Pin=Header43-10
Removed Pin From Net: NetName=NetHeader43_11 Pin=Header43-11
Removed Pin From Net: NetName=NetHeader43_12 Pin=Header43-12
Removed Pin From Net: NetName=NetHeader43_13 Pin=Header43-13
Removed Pin From Net: NetName=NetHeader43_14 Pin=Header43-14
Removed Pin From Net: NetName=NetHeader43_15 Pin=Header43-15
Removed Pin From Net: NetName=NetHeader43_16 Pin=Header43-16
Removed Pin From Net: NetName=NetHeader43_17 Pin=Header43-17
Removed Pin From Net: NetName=NetHeader43_18 Pin=Header43-18
Removed Pin From Net: NetName=NetHeader43_19 Pin=Header43-19
Removed Pin From Net: NetName=NetHeader43_20 Pin=Header43-20
Removed Pin From Net: NetName=NetHeader43_21 Pin=Header43-21
Removed Pin From Net: NetName=NetHeader43_22 Pin=Header43-22
Removed Pin From Net: NetName=NetHeader43_23 Pin=Header43-23
Removed Pin From Net: NetName=NetHeader43_24 Pin=Header43-24
Removed Pin From Net: NetName=NetHeader43_25 Pin=Header43-25
Removed Pin From Net: NetName=NetHeader43_26 Pin=Header43-26
Removed Pin From Net: NetName=NetHeader43_27 Pin=Header43-27
Removed Pin From Net: NetName=NetHeader43_28 Pin=Header43-28
Removed Pin From Net: NetName=NetHeader44_1 Pin=Header44-1
Removed Pin From Net: NetName=NetHeader44_2 Pin=Header44-2
Removed Pin From Net: NetName=NetHeader44_3 Pin=Header44-3
Removed Pin From Net: NetName=NetHeader44_4 Pin=Header44-4
Removed Pin From Net: NetName=NetHeader44_5 Pin=Header44-5
Removed Pin From Net: NetName=NetHeader44_6 Pin=Header44-6
Removed Pin From Net: NetName=NetHeader44_7 Pin=Header44-7
Removed Pin From Net: NetName=NetHeader44_8 Pin=Header44-8
Removed Pin From Net: NetName=NetHeader44_9 Pin=Header44-9
Removed Pin From Net: NetName=NetHeader44_10 Pin=Header44-10
Removed Pin From Net: NetName=NetHeader44_11 Pin=Header44-11
Removed Pin From Net: NetName=NetHeader44_12 Pin=Header44-12
Removed Pin From Net: NetName=NetHeader44_13 Pin=Header44-13
Removed Pin From Net: NetName=NetHeader44_14 Pin=Header44-14
Removed Pin From Net: NetName=NetHeader44_15 Pin=Header44-15
Removed Pin From Net: NetName=NetHeader44_16 Pin=Header44-16
Removed Pin From Net: NetName=NetHeader44_17 Pin=Header44-17
Removed Pin From Net: NetName=NetHeader44_18 Pin=Header44-18
Removed Pin From Net: NetName=NetHeader44_19 Pin=Header44-19
Removed Pin From Net: NetName=NetHeader44_20 Pin=Header44-20
Removed Pin From Net: NetName=NetHeader44_21 Pin=Header44-21
Removed Pin From Net: NetName=NetHeader44_22 Pin=Header44-22
Removed Pin From Net: NetName=NetHeader44_23 Pin=Header44-23
Removed Pin From Net: NetName=NetHeader44_24 Pin=Header44-24
Removed Pin From Net: NetName=NetHeader44_25 Pin=Header44-25
Removed Pin From Net: NetName=NetHeader44_26 Pin=Header44-26
Removed Pin From Net: NetName=NetHeader44_27 Pin=Header44-27
Removed Pin From Net: NetName=NetHeader44_28 Pin=Header44-28
Added Component: Designator=Header23(CONN_6-146130-4_TYCO)
Add component (AddParameter): Name = "Mfr_Name"; Value = "TE Connectivity"; VariantName = "[No Variations]"
Add component (AddParameter): Name = "RefDes"; Value = "RefDes"; VariantName = "[No Variations]"
Add component (AddParameter): Name = "Type"; Value = "Type"; VariantName = "[No Variations]"
Added Component: Designator=Header30(CONN_6-146130-4_TYCO)
Add component (AddParameter): Name = "Mfr_Name"; Value = "TE Connectivity"; VariantName = "[No Variations]"
Add component (AddParameter): Name = "RefDes"; Value = "RefDes"; VariantName = "[No Variations]"
Add component (AddParameter): Name = "Type"; Value = "Type"; VariantName = "[No Variations]"
Added Component: Designator=Header31(CONN_6-146130-4_TYCO)
Add component (AddParameter): Name = "Mfr_Name"; Value = "TE Connectivity"; VariantName = "[No Variations]"
Add component (AddParameter): Name = "RefDes"; Value = "RefDes"; VariantName = "[No Variations]"
Add component (AddParameter): Name = "Type"; Value = "Type"; VariantName = "[No Variations]"
Added Component: Designator=Header32(CONN_6-146130-4_TYCO)
Add component (AddParameter): Name = "Mfr_Name"; Value = "TE Connectivity"; VariantName = "[No Variations]"
Add component (AddParameter): Name = "RefDes"; Value = "RefDes"; VariantName = "[No Variations]"
Add component (AddParameter): Name = "Type"; Value = "Type"; VariantName = "[No Variations]"
Added Component: Designator=Header33(CONN_6-146130-4_TYCO)
Add component (AddParameter): Name = "Mfr_Name"; Value = "TE Connectivity"; VariantName = "[No Variations]"
Add component (AddParameter): Name = "RefDes"; Value = "RefDes"; VariantName = "[No Variations]"
Add component (AddParameter): Name = "Type"; Value = "Type"; VariantName = "[No Variations]"
Added Component: Designator=Header43(CONN_6-146130-4_TYCO)
Add component (AddParameter): Name = "Mfr_Name"; Value = "TE Connectivity"; VariantName = "[No Variations]"
Add component (AddParameter): Name = "RefDes"; Value = "RefDes"; VariantName = "[No Variations]"
Add component (AddParameter): Name = "Type"; Value = "Type"; VariantName = "[No Variations]"
Added Component: Designator=Header44(CONN_6-146130-4_TYCO)
Add component (AddParameter): Name = "Mfr_Name"; Value = "TE Connectivity"; VariantName = "[No Variations]"
Add component (AddParameter): Name = "RefDes"; Value = "RefDes"; VariantName = "[No Variations]"
Add component (AddParameter): Name = "Type"; Value = "Type"; VariantName = "[No Variations]"
Added Pin To Net: NetName=NetHeader23_1 Pin=Header23-1
Added Pin To Net: NetName=NetHeader23_2 Pin=Header23-2
Added Pin To Net: NetName=NetHeader23_3 Pin=Header23-3
Added Pin To Net: NetName=NetHeader23_4 Pin=Header23-4
Added Pin To Net: NetName=NetHeader23_5 Pin=Header23-5
Added Pin To Net: NetName=NetHeader23_6 Pin=Header23-6
Added Pin To Net: NetName=NetHeader23_7 Pin=Header23-7
Added Pin To Net: NetName=NetHeader23_8 Pin=Header23-8
Added Pin To Net: NetName=NetHeader23_9 Pin=Header23-9
Added Pin To Net: NetName=NetHeader23_10 Pin=Header23-10
Added Pin To Net: NetName=NetHeader23_11 Pin=Header23-11
Added Pin To Net: NetName=NetHeader23_12 Pin=Header23-12
Added Pin To Net: NetName=NetHeader23_13 Pin=Header23-13
Added Pin To Net: NetName=NetHeader23_14 Pin=Header23-14
Added Pin To Net: NetName=NetHeader23_15 Pin=Header23-15
Added Pin To Net: NetName=NetHeader23_16 Pin=Header23-16
Added Pin To Net: NetName=NetHeader23_17 Pin=Header23-17
Added Pin To Net: NetName=NetHeader23_18 Pin=Header23-18
Added Pin To Net: NetName=NetHeader23_19 Pin=Header23-19
Added Pin To Net: NetName=NetHeader23_20 Pin=Header23-20
Added Pin To Net: NetName=NetHeader23_21 Pin=Header23-21
Added Pin To Net: NetName=NetHeader23_22 Pin=Header23-22
Added Pin To Net: NetName=NetHeader23_23 Pin=Header23-23
Added Pin To Net: NetName=NetHeader23_24 Pin=Header23-24
Added Pin To Net: NetName=NetHeader23_25 Pin=Header23-25
Added Pin To Net: NetName=NetHeader23_26 Pin=Header23-26
Added Pin To Net: NetName=NetHeader23_27 Pin=Header23-27
Added Pin To Net: NetName=NetHeader23_28 Pin=Header23-28
Added Pin To Net: NetName=NetHeader23_29 Pin=Header23-29
Added Pin To Net: NetName=NetHeader23_30 Pin=Header23-30
Added Pin To Net: NetName=NetHeader30_1 Pin=Header30-1
Added Pin To Net: NetName=NetHeader30_2 Pin=Header30-2
Added Pin To Net: NetName=NetHeader30_3 Pin=Header30-3
Added Pin To Net: NetName=NetHeader30_4 Pin=Header30-4
Added Pin To Net: NetName=NetHeader30_5 Pin=Header30-5
Added Pin To Net: NetName=NetHeader30_6 Pin=Header30-6
Added Pin To Net: NetName=NetHeader30_7 Pin=Header30-7
Added Pin To Net: NetName=NetHeader30_8 Pin=Header30-8
Added Pin To Net: NetName=NetHeader30_9 Pin=Header30-9
Added Pin To Net: NetName=NetHeader30_10 Pin=Header30-10
Added Pin To Net: NetName=NetHeader30_11 Pin=Header30-11
Added Pin To Net: NetName=NetHeader30_12 Pin=Header30-12
Added Pin To Net: NetName=NetHeader30_13 Pin=Header30-13
Added Pin To Net: NetName=NetHeader30_14 Pin=Header30-14
Added Pin To Net: NetName=NetHeader30_15 Pin=Header30-15
Added Pin To Net: NetName=NetHeader30_16 Pin=Header30-16
Added Pin To Net: NetName=NetHeader30_17 Pin=Header30-17
Added Pin To Net: NetName=NetHeader30_18 Pin=Header30-18
Added Pin To Net: NetName=NetHeader30_19 Pin=Header30-19
Added Pin To Net: NetName=NetHeader30_20 Pin=Header30-20
Added Pin To Net: NetName=NetHeader30_21 Pin=Header30-21
Added Pin To Net: NetName=NetHeader30_22 Pin=Header30-22
Added Pin To Net: NetName=NetHeader30_23 Pin=Header30-23
Added Pin To Net: NetName=NetHeader30_24 Pin=Header30-24
Added Pin To Net: NetName=NetHeader30_25 Pin=Header30-25
Added Pin To Net: NetName=NetHeader30_26 Pin=Header30-26
Added Pin To Net: NetName=NetHeader30_27 Pin=Header30-27
Added Pin To Net: NetName=NetHeader30_28 Pin=Header30-28
Added Pin To Net: NetName=NetHeader30_29 Pin=Header30-29
Added Pin To Net: NetName=NetHeader30_30 Pin=Header30-30
Added Pin To Net: NetName=NetHeader31_1 Pin=Header31-1
Added Pin To Net: NetName=NetHeader31_2 Pin=Header31-2
Added Pin To Net: NetName=NetHeader31_3 Pin=Header31-3
Added Pin To Net: NetName=NetHeader31_4 Pin=Header31-4
Added Pin To Net: NetName=NetHeader31_5 Pin=Header31-5
Added Pin To Net: NetName=NetHeader31_6 Pin=Header31-6
Added Pin To Net: NetName=NetHeader31_7 Pin=Header31-7
Added Pin To Net: NetName=NetHeader31_8 Pin=Header31-8
Added Pin To Net: NetName=NetHeader31_9 Pin=Header31-9
Added Pin To Net: NetName=NetHeader31_10 Pin=Header31-10
Added Pin To Net: NetName=NetHeader31_11 Pin=Header31-11
Added Pin To Net: NetName=NetHeader31_12 Pin=Header31-12
Added Pin To Net: NetName=NetHeader31_13 Pin=Header31-13
Added Pin To Net: NetName=NetHeader31_14 Pin=Header31-14
Added Pin To Net: NetName=NetHeader31_15 Pin=Header31-15
Added Pin To Net: NetName=NetHeader31_16 Pin=Header31-16
Added Pin To Net: NetName=NetHeader31_17 Pin=Header31-17
Added Pin To Net: NetName=NetHeader31_18 Pin=Header31-18
Added Pin To Net: NetName=NetHeader31_19 Pin=Header31-19
Added Pin To Net: NetName=NetHeader31_20 Pin=Header31-20
Added Pin To Net: NetName=NetHeader31_21 Pin=Header31-21
Added Pin To Net: NetName=NetHeader31_22 Pin=Header31-22
Added Pin To Net: NetName=NetHeader31_23 Pin=Header31-23
Added Pin To Net: NetName=NetHeader31_24 Pin=Header31-24
Added Pin To Net: NetName=NetHeader31_25 Pin=Header31-25
Added Pin To Net: NetName=NetHeader31_26 Pin=Header31-26
Added Pin To Net: NetName=NetHeader31_27 Pin=Header31-27
Added Pin To Net: NetName=NetHeader31_28 Pin=Header31-28
Added Pin To Net: NetName=NetHeader31_29 Pin=Header31-29
Added Pin To Net: NetName=NetHeader31_30 Pin=Header31-30
Added Pin To Net: NetName=NetHeader32_1 Pin=Header32-1
Added Pin To Net: NetName=NetHeader32_2 Pin=Header32-2
Added Pin To Net: NetName=NetHeader32_3 Pin=Header32-3
Added Pin To Net: NetName=NetHeader32_4 Pin=Header32-4
Added Pin To Net: NetName=NetHeader32_5 Pin=Header32-5
Added Pin To Net: NetName=NetHeader32_6 Pin=Header32-6
Added Pin To Net: NetName=NetHeader32_7 Pin=Header32-7
Added Pin To Net: NetName=NetHeader32_8 Pin=Header32-8
Added Pin To Net: NetName=NetHeader32_9 Pin=Header32-9
Added Pin To Net: NetName=NetHeader32_10 Pin=Header32-10
Added Pin To Net: NetName=NetHeader32_11 Pin=Header32-11
Added Pin To Net: NetName=NetHeader32_12 Pin=Header32-12
Added Pin To Net: NetName=NetHeader32_13 Pin=Header32-13
Added Pin To Net: NetName=NetHeader32_14 Pin=Header32-14
Added Pin To Net: NetName=NetHeader32_15 Pin=Header32-15
Added Pin To Net: NetName=NetHeader32_16 Pin=Header32-16
Added Pin To Net: NetName=NetHeader32_17 Pin=Header32-17
Added Pin To Net: NetName=NetHeader32_18 Pin=Header32-18
Added Pin To Net: NetName=NetHeader32_19 Pin=Header32-19
Added Pin To Net: NetName=NetHeader32_20 Pin=Header32-20
Added Pin To Net: NetName=NetHeader32_21 Pin=Header32-21
Added Pin To Net: NetName=NetHeader32_22 Pin=Header32-22
Added Pin To Net: NetName=NetHeader32_23 Pin=Header32-23
Added Pin To Net: NetName=NetHeader32_24 Pin=Header32-24
Added Pin To Net: NetName=NetHeader32_25 Pin=Header32-25
Added Pin To Net: NetName=NetHeader32_26 Pin=Header32-26
Added Pin To Net: NetName=NetHeader32_27 Pin=Header32-27
Added Pin To Net: NetName=NetHeader32_28 Pin=Header32-28
Added Pin To Net: NetName=NetHeader32_29 Pin=Header32-29
Added Pin To Net: NetName=NetHeader32_30 Pin=Header32-30
Added Pin To Net: NetName=NetHeader33_1 Pin=Header33-1
Added Pin To Net: NetName=NetHeader33_2 Pin=Header33-2
Added Pin To Net: NetName=NetHeader33_3 Pin=Header33-3
Added Pin To Net: NetName=NetHeader33_4 Pin=Header33-4
Added Pin To Net: NetName=NetHeader33_5 Pin=Header33-5
Added Pin To Net: NetName=NetHeader33_6 Pin=Header33-6
Added Pin To Net: NetName=NetHeader33_7 Pin=Header33-7
Added Pin To Net: NetName=NetHeader33_8 Pin=Header33-8
Added Pin To Net: NetName=NetHeader33_9 Pin=Header33-9
Added Pin To Net: NetName=NetHeader33_10 Pin=Header33-10
Added Pin To Net: NetName=NetHeader33_11 Pin=Header33-11
Added Pin To Net: NetName=NetHeader33_12 Pin=Header33-12
Added Pin To Net: NetName=NetHeader33_13 Pin=Header33-13
Added Pin To Net: NetName=NetHeader33_14 Pin=Header33-14
Added Pin To Net: NetName=NetHeader33_15 Pin=Header33-15
Added Pin To Net: NetName=NetHeader33_16 Pin=Header33-16
Added Pin To Net: NetName=NetHeader33_17 Pin=Header33-17
Added Pin To Net: NetName=NetHeader33_18 Pin=Header33-18
Added Pin To Net: NetName=NetHeader33_19 Pin=Header33-19
Added Pin To Net: NetName=NetHeader33_20 Pin=Header33-20
Added Pin To Net: NetName=NetHeader33_21 Pin=Header33-21
Added Pin To Net: NetName=NetHeader33_22 Pin=Header33-22
Added Pin To Net: NetName=NetHeader33_23 Pin=Header33-23
Added Pin To Net: NetName=NetHeader33_24 Pin=Header33-24
Added Pin To Net: NetName=NetHeader33_25 Pin=Header33-25
Added Pin To Net: NetName=NetHeader33_26 Pin=Header33-26
Added Pin To Net: NetName=NetHeader33_27 Pin=Header33-27
Added Pin To Net: NetName=NetHeader33_28 Pin=Header33-28
Added Pin To Net: NetName=NetHeader33_29 Pin=Header33-29
Added Pin To Net: NetName=NetHeader33_30 Pin=Header33-30
Added Pin To Net: NetName=NetHeader43_1 Pin=Header43-1
Added Pin To Net: NetName=NetHeader43_2 Pin=Header43-2
Added Pin To Net: NetName=NetHeader43_3 Pin=Header43-3
Added Pin To Net: NetName=NetHeader43_4 Pin=Header43-4
Added Pin To Net: NetName=NetHeader43_5 Pin=Header43-5
Added Pin To Net: NetName=NetHeader43_6 Pin=Header43-6
Added Pin To Net: NetName=NetHeader43_7 Pin=Header43-7
Added Pin To Net: NetName=NetHeader43_8 Pin=Header43-8
Added Pin To Net: NetName=NetHeader43_9 Pin=Header43-9
Added Pin To Net: NetName=NetHeader43_10 Pin=Header43-10
Added Pin To Net: NetName=NetHeader43_11 Pin=Header43-11
Added Pin To Net: NetName=NetHeader43_12 Pin=Header43-12
Added Pin To Net: NetName=NetHeader43_13 Pin=Header43-13
Added Pin To Net: NetName=NetHeader43_14 Pin=Header43-14
Added Pin To Net: NetName=NetHeader43_15 Pin=Header43-15
Added Pin To Net: NetName=NetHeader43_16 Pin=Header43-16
Added Pin To Net: NetName=NetHeader43_17 Pin=Header43-17
Added Pin To Net: NetName=NetHeader43_18 Pin=Header43-18
Added Pin To Net: NetName=NetHeader43_19 Pin=Header43-19
Added Pin To Net: NetName=NetHeader43_20 Pin=Header43-20
Added Pin To Net: NetName=NetHeader43_21 Pin=Header43-21
Added Pin To Net: NetName=NetHeader43_22 Pin=Header43-22
Added Pin To Net: NetName=NetHeader43_23 Pin=Header43-23
Added Pin To Net: NetName=NetHeader43_24 Pin=Header43-24
Added Pin To Net: NetName=NetHeader43_25 Pin=Header43-25
Added Pin To Net: NetName=NetHeader43_26 Pin=Header43-26
Added Pin To Net: NetName=NetHeader43_27 Pin=Header43-27
Added Pin To Net: NetName=NetHeader43_28 Pin=Header43-28
Added Pin To Net: NetName=NetHeader43_29 Pin=Header43-29
Added Pin To Net: NetName=NetHeader43_30 Pin=Header43-30
Added Pin To Net: NetName=NetHeader44_1 Pin=Header44-1
Added Pin To Net: NetName=NetHeader44_2 Pin=Header44-2
Added Pin To Net: NetName=NetHeader44_3 Pin=Header44-3
Added Pin To Net: NetName=NetHeader44_4 Pin=Header44-4
Added Pin To Net: NetName=NetHeader44_5 Pin=Header44-5
Added Pin To Net: NetName=NetHeader44_6 Pin=Header44-6
Added Pin To Net: NetName=NetHeader44_7 Pin=Header44-7
Added Pin To Net: NetName=NetHeader44_8 Pin=Header44-8
Added Pin To Net: NetName=NetHeader44_9 Pin=Header44-9
Added Pin To Net: NetName=NetHeader44_10 Pin=Header44-10
Added Pin To Net: NetName=NetHeader44_11 Pin=Header44-11
Added Pin To Net: NetName=NetHeader44_12 Pin=Header44-12
Added Pin To Net: NetName=NetHeader44_13 Pin=Header44-13
Added Pin To Net: NetName=NetHeader44_14 Pin=Header44-14
Added Pin To Net: NetName=NetHeader44_15 Pin=Header44-15
Added Pin To Net: NetName=NetHeader44_16 Pin=Header44-16
Added Pin To Net: NetName=NetHeader44_17 Pin=Header44-17
Added Pin To Net: NetName=NetHeader44_18 Pin=Header44-18
Added Pin To Net: NetName=NetHeader44_19 Pin=Header44-19
Added Pin To Net: NetName=NetHeader44_20 Pin=Header44-20
Added Pin To Net: NetName=NetHeader44_21 Pin=Header44-21
Added Pin To Net: NetName=NetHeader44_22 Pin=Header44-22
Added Pin To Net: NetName=NetHeader44_23 Pin=Header44-23
Added Pin To Net: NetName=NetHeader44_24 Pin=Header44-24
Added Pin To Net: NetName=NetHeader44_25 Pin=Header44-25
Added Pin To Net: NetName=NetHeader44_26 Pin=Header44-26
Added Pin To Net: NetName=NetHeader44_27 Pin=Header44-27
Added Pin To Net: NetName=NetHeader44_28 Pin=Header44-28
Added Pin To Net: NetName=NetHeader44_29 Pin=Header44-29
Added Pin To Net: NetName=NetHeader44_30 Pin=Header44-30
Added Room: Name=digital_PIN_interface
Added Room: Name=main
